{"/home/tristan/foundry/repos/canvas-embed/clients/common/src/delaractions.d.ts": {"path":"/home/tristan/foundry/repos/canvas-embed/clients/common/src/delaractions.d.ts","statementMap":{},"fnMap":{},"branchMap":{},"s":{},"f":{},"b":{}}
,"/home/tristan/foundry/repos/canvas-embed/clients/common/src/index.ts": {"path":"/home/tristan/foundry/repos/canvas-embed/clients/common/src/index.ts","statementMap":{},"fnMap":{},"branchMap":{},"s":{},"f":{},"b":{},"_coverageSchema":"1a1c01bbd47fc00a2c39e90264f33305004495a9","hash":"0fbcf708530dcef5fd6c06731959a09816c741bb"}
,"/home/tristan/foundry/repos/canvas-embed/clients/common/src/api/index.ts": {"path":"/home/tristan/foundry/repos/canvas-embed/clients/common/src/api/index.ts","statementMap":{},"fnMap":{},"branchMap":{},"s":{},"f":{},"b":{},"_coverageSchema":"1a1c01bbd47fc00a2c39e90264f33305004495a9","hash":"12c6797585d41491519b2a8e5e7496b184cace22"}
,"/home/tristan/foundry/repos/canvas-embed/clients/common/src/api/types.ts": {"path":"/home/tristan/foundry/repos/canvas-embed/clients/common/src/api/types.ts","statementMap":{},"fnMap":{},"branchMap":{},"s":{},"f":{},"b":{}}
,"/home/tristan/foundry/repos/canvas-embed/clients/common/src/api/construct-body/index.ts": {"path":"/home/tristan/foundry/repos/canvas-embed/clients/common/src/api/construct-body/index.ts","statementMap":{"0":{"start":{"line":4,"column":29},"end":{"line":51,"column":1}},"1":{"start":{"line":12,"column":15},"end":{"line":48,"column":3}},"2":{"start":{"line":50,"column":2},"end":{"line":50,"column":29}}},"fnMap":{"0":{"name":"(anonymous_0)","decl":{"start":{"line":4,"column":29},"end":{"line":4,"column":30}},"loc":{"start":{"line":11,"column":31},"end":{"line":51,"column":1}},"line":11}},"branchMap":{"0":{"loc":{"start":{"line":19,"column":20},"end":{"line":19,"column":72}},"type":"binary-expr","locations":[{"start":{"line":19,"column":20},"end":{"line":19,"column":44}},{"start":{"line":19,"column":48},"end":{"line":19,"column":72}}],"line":19}},"s":{"0":24,"1":6,"2":6},"f":{"0":6},"b":{"0":[6,1]},"_coverageSchema":"1a1c01bbd47fc00a2c39e90264f33305004495a9","hash":"05fa4e884f04fcec11da016932b0c1cf960848d8"}
,"/home/tristan/foundry/repos/canvas-embed/clients/common/src/api/construct-body/types.ts": {"path":"/home/tristan/foundry/repos/canvas-embed/clients/common/src/api/construct-body/types.ts","statementMap":{},"fnMap":{},"branchMap":{},"s":{},"f":{},"b":{}}
,"/home/tristan/foundry/repos/canvas-embed/clients/common/src/api/get-appointment/index.ts": {"path":"/home/tristan/foundry/repos/canvas-embed/clients/common/src/api/get-appointment/index.ts","statementMap":{"0":{"start":{"line":6,"column":31},"end":{"line":27,"column":1}},"1":{"start":{"line":13,"column":22},"end":{"line":18,"column":17}},"2":{"start":{"line":14,"column":4},"end":{"line":17,"column":5}},"3":{"start":{"line":20,"column":2},"end":{"line":26,"column":3}},"4":{"start":{"line":21,"column":4},"end":{"line":21,"column":33}},"5":{"start":{"line":22,"column":4},"end":{"line":22,"column":21}},"6":{"start":{"line":24,"column":4},"end":{"line":24,"column":47}},"7":{"start":{"line":25,"column":4},"end":{"line":25,"column":21}},"8":{"start":{"line":29,"column":39},"end":{"line":59,"column":1}},"9":{"start":{"line":39,"column":2},"end":{"line":39,"column":18}},"10":{"start":{"line":40,"column":2},"end":{"line":58,"column":57}},"11":{"start":{"line":50,"column":6},"end":{"line":56,"column":8}},"12":{"start":{"line":58,"column":16},"end":{"line":58,"column":56}}},"fnMap":{"0":{"name":"(anonymous_0)","decl":{"start":{"line":6,"column":31},"end":{"line":6,"column":32}},"loc":{"start":{"line":12,"column":33},"end":{"line":27,"column":1}},"line":12},"1":{"name":"(anonymous_1)","decl":{"start":{"line":13,"column":46},"end":{"line":13,"column":47}},"loc":{"start":{"line":13,"column":64},"end":{"line":18,"column":3}},"line":13},"2":{"name":"(anonymous_2)","decl":{"start":{"line":29,"column":39},"end":{"line":29,"column":40}},"loc":{"start":{"line":38,"column":32},"end":{"line":59,"column":1}},"line":38},"3":{"name":"(anonymous_3)","decl":{"start":{"line":49,"column":10},"end":{"line":49,"column":11}},"loc":{"start":{"line":50,"column":6},"end":{"line":56,"column":8}},"line":50},"4":{"name":"(anonymous_4)","decl":{"start":{"line":58,"column":11},"end":{"line":58,"column":12}},"loc":{"start":{"line":58,"column":16},"end":{"line":58,"column":56}},"line":58}},"branchMap":{"0":{"loc":{"start":{"line":15,"column":6},"end":{"line":16,"column":52}},"type":"binary-expr","locations":[{"start":{"line":15,"column":6},"end":{"line":15,"column":56}},{"start":{"line":16,"column":6},"end":{"line":16,"column":52}}],"line":15},"1":{"loc":{"start":{"line":20,"column":2},"end":{"line":26,"column":3}},"type":"if","locations":[{"start":{"line":20,"column":2},"end":{"line":26,"column":3}},{"start":{"line":23,"column":9},"end":{"line":26,"column":3}}],"line":20}},"s":{"0":24,"1":3,"2":5,"3":2,"4":1,"5":1,"6":1,"7":1,"8":24,"9":1,"10":1,"11":1,"12":1},"f":{"0":3,"1":5,"2":1,"3":1,"4":1},"b":{"0":[5,1],"1":[1,1]},"_coverageSchema":"1a1c01bbd47fc00a2c39e90264f33305004495a9","hash":"1adca9b0829dda7f431c3316319ae92076397ea9"}
,"/home/tristan/foundry/repos/canvas-embed/clients/common/src/api/get-appointment/types.ts": {"path":"/home/tristan/foundry/repos/canvas-embed/clients/common/src/api/get-appointment/types.ts","statementMap":{},"fnMap":{},"branchMap":{},"s":{},"f":{},"b":{}}
,"/home/tristan/foundry/repos/canvas-embed/clients/common/src/api/get-appointments-list/index.ts": {"path":"/home/tristan/foundry/repos/canvas-embed/clients/common/src/api/get-appointments-list/index.ts","statementMap":{"0":{"start":{"line":10,"column":33},"end":{"line":82,"column":1}},"1":{"start":{"line":21,"column":48},"end":{"line":21,"column":50}},"2":{"start":{"line":22,"column":36},"end":{"line":22,"column":38}},"3":{"start":{"line":24,"column":2},"end":{"line":69,"column":3}},"4":{"start":{"line":25,"column":4},"end":{"line":44,"column":6}},"5":{"start":{"line":26,"column":6},"end":{"line":43,"column":7}},"6":{"start":{"line":27,"column":8},"end":{"line":42,"column":10}},"7":{"start":{"line":28,"column":10},"end":{"line":41,"column":11}},"8":{"start":{"line":29,"column":12},"end":{"line":40,"column":14}},"9":{"start":{"line":45,"column":9},"end":{"line":69,"column":3}},"10":{"start":{"line":46,"column":4},"end":{"line":68,"column":6}},"11":{"start":{"line":47,"column":6},"end":{"line":67,"column":7}},"12":{"start":{"line":49,"column":10},"end":{"line":51,"column":49}},"13":{"start":{"line":50,"column":33},"end":{"line":50,"column":73}},"14":{"start":{"line":53,"column":8},"end":{"line":64,"column":10}},"15":{"start":{"line":66,"column":8},"end":{"line":66,"column":40}},"16":{"start":{"line":71,"column":2},"end":{"line":71,"column":37}},"17":{"start":{"line":72,"column":2},"end":{"line":81,"column":4}},"18":{"start":{"line":80,"column":4},"end":{"line":80,"column":21}},"19":{"start":{"line":84,"column":35},"end":{"line":151,"column":1}},"20":{"start":{"line":95,"column":2},"end":{"line":95,"column":18}},"21":{"start":{"line":97,"column":2},"end":{"line":119,"column":3}},"22":{"start":{"line":98,"column":4},"end":{"line":118,"column":60}},"23":{"start":{"line":107,"column":8},"end":{"line":116,"column":10}},"24":{"start":{"line":118,"column":18},"end":{"line":118,"column":59}},"25":{"start":{"line":122,"column":2},"end":{"line":150,"column":58}},"26":{"start":{"line":124,"column":6},"end":{"line":135,"column":10}},"27":{"start":{"line":134,"column":10},"end":{"line":134,"column":60}},"28":{"start":{"line":139,"column":6},"end":{"line":148,"column":8}},"29":{"start":{"line":150,"column":16},"end":{"line":150,"column":57}}},"fnMap":{"0":{"name":"(anonymous_0)","decl":{"start":{"line":10,"column":33},"end":{"line":10,"column":34}},"loc":{"start":{"line":20,"column":35},"end":{"line":82,"column":1}},"line":20},"1":{"name":"(anonymous_1)","decl":{"start":{"line":25,"column":33},"end":{"line":25,"column":34}},"loc":{"start":{"line":25,"column":45},"end":{"line":44,"column":5}},"line":25},"2":{"name":"(anonymous_2)","decl":{"start":{"line":27,"column":40},"end":{"line":27,"column":41}},"loc":{"start":{"line":27,"column":58},"end":{"line":42,"column":9}},"line":27},"3":{"name":"(anonymous_3)","decl":{"start":{"line":46,"column":27},"end":{"line":46,"column":28}},"loc":{"start":{"line":46,"column":45},"end":{"line":68,"column":5}},"line":46},"4":{"name":"(anonymous_4)","decl":{"start":{"line":50,"column":18},"end":{"line":50,"column":19}},"loc":{"start":{"line":50,"column":33},"end":{"line":50,"column":73}},"line":50},"5":{"name":"(anonymous_5)","decl":{"start":{"line":79,"column":10},"end":{"line":79,"column":11}},"loc":{"start":{"line":79,"column":16},"end":{"line":81,"column":3}},"line":79},"6":{"name":"(anonymous_6)","decl":{"start":{"line":84,"column":35},"end":{"line":84,"column":36}},"loc":{"start":{"line":94,"column":37},"end":{"line":151,"column":1}},"line":94},"7":{"name":"(anonymous_7)","decl":{"start":{"line":106,"column":12},"end":{"line":106,"column":13}},"loc":{"start":{"line":106,"column":24},"end":{"line":117,"column":7}},"line":106},"8":{"name":"(anonymous_8)","decl":{"start":{"line":118,"column":13},"end":{"line":118,"column":14}},"loc":{"start":{"line":118,"column":18},"end":{"line":118,"column":59}},"line":118},"9":{"name":"(anonymous_9)","decl":{"start":{"line":123,"column":20},"end":{"line":123,"column":21}},"loc":{"start":{"line":123,"column":34},"end":{"line":136,"column":5}},"line":123},"10":{"name":"(anonymous_10)","decl":{"start":{"line":133,"column":14},"end":{"line":133,"column":15}},"loc":{"start":{"line":133,"column":26},"end":{"line":135,"column":9}},"line":133},"11":{"name":"(anonymous_11)","decl":{"start":{"line":138,"column":10},"end":{"line":138,"column":11}},"loc":{"start":{"line":139,"column":6},"end":{"line":148,"column":8}},"line":139},"12":{"name":"(anonymous_12)","decl":{"start":{"line":150,"column":11},"end":{"line":150,"column":12}},"loc":{"start":{"line":150,"column":16},"end":{"line":150,"column":57}},"line":150}},"branchMap":{"0":{"loc":{"start":{"line":24,"column":2},"end":{"line":69,"column":3}},"type":"if","locations":[{"start":{"line":24,"column":2},"end":{"line":69,"column":3}},{"start":{"line":45,"column":9},"end":{"line":69,"column":3}}],"line":24},"1":{"loc":{"start":{"line":26,"column":6},"end":{"line":43,"column":7}},"type":"if","locations":[{"start":{"line":26,"column":6},"end":{"line":43,"column":7}},{"start":{},"end":{}}],"line":26},"2":{"loc":{"start":{"line":28,"column":10},"end":{"line":41,"column":11}},"type":"if","locations":[{"start":{"line":28,"column":10},"end":{"line":41,"column":11}},{"start":{},"end":{}}],"line":28},"3":{"loc":{"start":{"line":31,"column":20},"end":{"line":31,"column":65}},"type":"binary-expr","locations":[{"start":{"line":31,"column":20},"end":{"line":31,"column":59}},{"start":{"line":31,"column":63},"end":{"line":31,"column":65}}],"line":31},"4":{"loc":{"start":{"line":32,"column":27},"end":{"line":32,"column":53}},"type":"binary-expr","locations":[{"start":{"line":32,"column":27},"end":{"line":32,"column":47}},{"start":{"line":32,"column":51},"end":{"line":32,"column":53}}],"line":32},"5":{"loc":{"start":{"line":33,"column":23},"end":{"line":33,"column":71}},"type":"binary-expr","locations":[{"start":{"line":33,"column":23},"end":{"line":33,"column":65}},{"start":{"line":33,"column":69},"end":{"line":33,"column":71}}],"line":33},"6":{"loc":{"start":{"line":35,"column":16},"end":{"line":36,"column":25}},"type":"binary-expr","locations":[{"start":{"line":35,"column":16},"end":{"line":35,"column":73}},{"start":{"line":36,"column":16},"end":{"line":36,"column":25}}],"line":35},"7":{"loc":{"start":{"line":45,"column":9},"end":{"line":69,"column":3}},"type":"if","locations":[{"start":{"line":45,"column":9},"end":{"line":69,"column":3}},{"start":{},"end":{}}],"line":45},"8":{"loc":{"start":{"line":45,"column":13},"end":{"line":45,"column":51}},"type":"binary-expr","locations":[{"start":{"line":45,"column":13},"end":{"line":45,"column":25}},{"start":{"line":45,"column":29},"end":{"line":45,"column":51}}],"line":45},"9":{"loc":{"start":{"line":47,"column":6},"end":{"line":67,"column":7}},"type":"if","locations":[{"start":{"line":47,"column":6},"end":{"line":67,"column":7}},{"start":{},"end":{}}],"line":47},"10":{"loc":{"start":{"line":49,"column":10},"end":{"line":51,"column":49}},"type":"binary-expr","locations":[{"start":{"line":49,"column":10},"end":{"line":51,"column":43}},{"start":{"line":51,"column":47},"end":{"line":51,"column":49}}],"line":49},"11":{"loc":{"start":{"line":55,"column":16},"end":{"line":55,"column":61}},"type":"binary-expr","locations":[{"start":{"line":55,"column":16},"end":{"line":55,"column":55}},{"start":{"line":55,"column":59},"end":{"line":55,"column":61}}],"line":55},"12":{"loc":{"start":{"line":56,"column":23},"end":{"line":56,"column":49}},"type":"binary-expr","locations":[{"start":{"line":56,"column":23},"end":{"line":56,"column":43}},{"start":{"line":56,"column":47},"end":{"line":56,"column":49}}],"line":56},"13":{"loc":{"start":{"line":57,"column":19},"end":{"line":57,"column":67}},"type":"binary-expr","locations":[{"start":{"line":57,"column":19},"end":{"line":57,"column":61}},{"start":{"line":57,"column":65},"end":{"line":57,"column":67}}],"line":57},"14":{"loc":{"start":{"line":59,"column":12},"end":{"line":60,"column":21}},"type":"binary-expr","locations":[{"start":{"line":59,"column":12},"end":{"line":59,"column":69}},{"start":{"line":60,"column":12},"end":{"line":60,"column":21}}],"line":59},"15":{"loc":{"start":{"line":97,"column":2},"end":{"line":119,"column":3}},"type":"if","locations":[{"start":{"line":97,"column":2},"end":{"line":119,"column":3}},{"start":{},"end":{}}],"line":97}},"s":{"0":24,"1":0,"2":0,"3":0,"4":0,"5":0,"6":0,"7":0,"8":0,"9":0,"10":0,"11":0,"12":0,"13":0,"14":0,"15":0,"16":0,"17":0,"18":0,"19":24,"20":0,"21":0,"22":0,"23":0,"24":0,"25":0,"26":0,"27":0,"28":0,"29":0},"f":{"0":0,"1":0,"2":0,"3":0,"4":0,"5":0,"6":0,"7":0,"8":0,"9":0,"10":0,"11":0,"12":0},"b":{"0":[0,0],"1":[0,0],"2":[0,0],"3":[0,0],"4":[0,0],"5":[0,0],"6":[0,0],"7":[0,0],"8":[0,0],"9":[0,0],"10":[0,0],"11":[0,0],"12":[0,0],"13":[0,0],"14":[0,0],"15":[0,0]},"_coverageSchema":"1a1c01bbd47fc00a2c39e90264f33305004495a9","hash":"0f48b396f3c192ad2971b3a58e1bfa4ba128c8af"}
,"/home/tristan/foundry/repos/canvas-embed/clients/common/src/api/get-appointments-list/types.ts": {"path":"/home/tristan/foundry/repos/canvas-embed/clients/common/src/api/get-appointments-list/types.ts","statementMap":{},"fnMap":{},"branchMap":{},"s":{},"f":{},"b":{}}
,"/home/tristan/foundry/repos/canvas-embed/clients/common/src/api/get-practitioners/index.ts": {"path":"/home/tristan/foundry/repos/canvas-embed/clients/common/src/api/get-practitioners/index.ts","statementMap":{"0":{"start":{"line":9,"column":34},"end":{"line":29,"column":1}},"1":{"start":{"line":14,"column":43},"end":{"line":14,"column":45}},"2":{"start":{"line":16,"column":2},"end":{"line":26,"column":3}},"3":{"start":{"line":17,"column":4},"end":{"line":25,"column":6}},"4":{"start":{"line":18,"column":6},"end":{"line":24,"column":7}},"5":{"start":{"line":18,"column":44},"end":{"line":18,"column":59}},"6":{"start":{"line":19,"column":8},"end":{"line":23,"column":10}},"7":{"start":{"line":21,"column":55},"end":{"line":21,"column":79}},"8":{"start":{"line":28,"column":2},"end":{"line":28,"column":31}},"9":{"start":{"line":31,"column":32},"end":{"line":54,"column":1}},"10":{"start":{"line":39,"column":2},"end":{"line":53,"column":55}},"11":{"start":{"line":47,"column":6},"end":{"line":51,"column":8}},"12":{"start":{"line":53,"column":16},"end":{"line":53,"column":54}}},"fnMap":{"0":{"name":"(anonymous_0)","decl":{"start":{"line":9,"column":34},"end":{"line":9,"column":35}},"loc":{"start":{"line":13,"column":35},"end":{"line":29,"column":1}},"line":13},"1":{"name":"(anonymous_1)","decl":{"start":{"line":17,"column":20},"end":{"line":17,"column":21}},"loc":{"start":{"line":17,"column":32},"end":{"line":25,"column":5}},"line":17},"2":{"name":"(anonymous_2)","decl":{"start":{"line":18,"column":32},"end":{"line":18,"column":33}},"loc":{"start":{"line":18,"column":44},"end":{"line":18,"column":59}},"line":18},"3":{"name":"(anonymous_3)","decl":{"start":{"line":21,"column":37},"end":{"line":21,"column":38}},"loc":{"start":{"line":21,"column":55},"end":{"line":21,"column":79}},"line":21},"4":{"name":"(anonymous_4)","decl":{"start":{"line":31,"column":32},"end":{"line":31,"column":33}},"loc":{"start":{"line":38,"column":34},"end":{"line":54,"column":1}},"line":38},"5":{"name":"(anonymous_5)","decl":{"start":{"line":46,"column":10},"end":{"line":46,"column":11}},"loc":{"start":{"line":46,"column":22},"end":{"line":52,"column":5}},"line":46},"6":{"name":"(anonymous_6)","decl":{"start":{"line":53,"column":11},"end":{"line":53,"column":12}},"loc":{"start":{"line":53,"column":16},"end":{"line":53,"column":54}},"line":53}},"branchMap":{"0":{"loc":{"start":{"line":16,"column":2},"end":{"line":26,"column":3}},"type":"if","locations":[{"start":{"line":16,"column":2},"end":{"line":26,"column":3}},{"start":{},"end":{}}],"line":16},"1":{"loc":{"start":{"line":18,"column":6},"end":{"line":24,"column":7}},"type":"if","locations":[{"start":{"line":18,"column":6},"end":{"line":24,"column":7}},{"start":{},"end":{}}],"line":18}},"s":{"0":25,"1":4,"2":4,"3":2,"4":5,"5":3,"6":4,"7":6,"8":3,"9":25,"10":1,"11":1,"12":1},"f":{"0":4,"1":5,"2":3,"3":6,"4":1,"5":1,"6":1},"b":{"0":[2,1],"1":[4,1]},"_coverageSchema":"1a1c01bbd47fc00a2c39e90264f33305004495a9","hash":"f108e1f60574f0e988b6c353d1dd55fbffd445b6"}
,"/home/tristan/foundry/repos/canvas-embed/clients/common/src/api/get-practitioners/types.ts": {"path":"/home/tristan/foundry/repos/canvas-embed/clients/common/src/api/get-practitioners/types.ts","statementMap":{},"fnMap":{},"branchMap":{},"s":{},"f":{},"b":{}}
,"/home/tristan/foundry/repos/canvas-embed/clients/common/src/api/get-slots/index.ts": {"path":"/home/tristan/foundry/repos/canvas-embed/clients/common/src/api/get-slots/index.ts","statementMap":{"0":{"start":{"line":9,"column":29},"end":{"line":9,"column":37}},"1":{"start":{"line":11,"column":26},"end":{"line":35,"column":1}},"2":{"start":{"line":16,"column":35},"end":{"line":16,"column":37}},"3":{"start":{"line":17,"column":2},"end":{"line":31,"column":4}},"4":{"start":{"line":18,"column":38},"end":{"line":18,"column":40}},"5":{"start":{"line":19,"column":23},"end":{"line":19,"column":49}},"6":{"start":{"line":20,"column":4},"end":{"line":29,"column":5}},"7":{"start":{"line":20,"column":17},"end":{"line":20,"column":18}},"8":{"start":{"line":21,"column":6},"end":{"line":28,"column":7}},"9":{"start":{"line":22,"column":8},"end":{"line":25,"column":10}},"10":{"start":{"line":27,"column":8},"end":{"line":27,"column":13}},"11":{"start":{"line":30,"column":4},"end":{"line":30,"column":66}},"12":{"start":{"line":33,"column":2},"end":{"line":33,"column":21}},"13":{"start":{"line":34,"column":2},"end":{"line":34,"column":19}},"14":{"start":{"line":37,"column":28},"end":{"line":86,"column":1}},"15":{"start":{"line":51,"column":2},"end":{"line":51,"column":18}},"16":{"start":{"line":53,"column":2},"end":{"line":85,"column":58}},"17":{"start":{"line":55,"column":18},"end":{"line":55,"column":79}},"18":{"start":{"line":56,"column":6},"end":{"line":69,"column":10}},"19":{"start":{"line":68,"column":10},"end":{"line":68,"column":59}},"20":{"start":{"line":73,"column":6},"end":{"line":83,"column":8}},"21":{"start":{"line":85,"column":16},"end":{"line":85,"column":57}}},"fnMap":{"0":{"name":"(anonymous_0)","decl":{"start":{"line":11,"column":26},"end":{"line":11,"column":27}},"loc":{"start":{"line":15,"column":34},"end":{"line":35,"column":1}},"line":15},"1":{"name":"(anonymous_1)","decl":{"start":{"line":17,"column":20},"end":{"line":17,"column":21}},"loc":{"start":{"line":17,"column":39},"end":{"line":31,"column":3}},"line":17},"2":{"name":"(anonymous_2)","decl":{"start":{"line":37,"column":28},"end":{"line":37,"column":29}},"loc":{"start":{"line":50,"column":26},"end":{"line":86,"column":1}},"line":50},"3":{"name":"(anonymous_3)","decl":{"start":{"line":54,"column":20},"end":{"line":54,"column":21}},"loc":{"start":{"line":54,"column":34},"end":{"line":70,"column":5}},"line":54},"4":{"name":"(anonymous_4)","decl":{"start":{"line":67,"column":14},"end":{"line":67,"column":15}},"loc":{"start":{"line":67,"column":26},"end":{"line":69,"column":9}},"line":67},"5":{"name":"(anonymous_5)","decl":{"start":{"line":72,"column":10},"end":{"line":72,"column":11}},"loc":{"start":{"line":73,"column":6},"end":{"line":83,"column":8}},"line":73},"6":{"name":"(anonymous_6)","decl":{"start":{"line":85,"column":11},"end":{"line":85,"column":12}},"loc":{"start":{"line":85,"column":16},"end":{"line":85,"column":57}},"line":85}},"branchMap":{"0":{"loc":{"start":{"line":19,"column":23},"end":{"line":19,"column":49}},"type":"binary-expr","locations":[{"start":{"line":19,"column":23},"end":{"line":19,"column":43}},{"start":{"line":19,"column":47},"end":{"line":19,"column":49}}],"line":19},"1":{"loc":{"start":{"line":21,"column":6},"end":{"line":28,"column":7}},"type":"if","locations":[{"start":{"line":21,"column":6},"end":{"line":28,"column":7}},{"start":{"line":26,"column":13},"end":{"line":28,"column":7}}],"line":21},"2":{"loc":{"start":{"line":68,"column":38},"end":{"line":68,"column":57}},"type":"binary-expr","locations":[{"start":{"line":68,"column":38},"end":{"line":68,"column":51}},{"start":{"line":68,"column":55},"end":{"line":68,"column":57}}],"line":68}},"s":{"0":24,"1":24,"2":2,"3":2,"4":3,"5":3,"6":3,"7":3,"8":2,"9":2,"10":0,"11":3,"12":2,"13":2,"14":24,"15":2,"16":2,"17":4,"18":4,"19":2,"20":1,"21":1},"f":{"0":2,"1":3,"2":2,"3":4,"4":2,"5":1,"6":1},"b":{"0":[3,2],"1":[2,0],"2":[2,2]},"_coverageSchema":"1a1c01bbd47fc00a2c39e90264f33305004495a9","hash":"ed4fb377acc7e9e260cc6fc204896f8aba174ea9"}
,"/home/tristan/foundry/repos/canvas-embed/clients/common/src/api/get-slots/types.ts": {"path":"/home/tristan/foundry/repos/canvas-embed/clients/common/src/api/get-slots/types.ts","statementMap":{},"fnMap":{},"branchMap":{},"s":{},"f":{},"b":{}}
,"/home/tristan/foundry/repos/canvas-embed/clients/common/src/api/post-appointment/index.ts": {"path":"/home/tristan/foundry/repos/canvas-embed/clients/common/src/api/post-appointment/index.ts","statementMap":{"0":{"start":{"line":6,"column":31},"end":{"line":40,"column":1}},"1":{"start":{"line":18,"column":2},"end":{"line":18,"column":18}},"2":{"start":{"line":19,"column":15},"end":{"line":26,"column":4}},"3":{"start":{"line":28,"column":2},"end":{"line":39,"column":57}},"4":{"start":{"line":36,"column":6},"end":{"line":36,"column":17}},"5":{"start":{"line":37,"column":6},"end":{"line":37,"column":23}},"6":{"start":{"line":39,"column":16},"end":{"line":39,"column":56}}},"fnMap":{"0":{"name":"(anonymous_0)","decl":{"start":{"line":6,"column":31},"end":{"line":6,"column":32}},"loc":{"start":{"line":17,"column":33},"end":{"line":40,"column":1}},"line":17},"1":{"name":"(anonymous_1)","decl":{"start":{"line":35,"column":10},"end":{"line":35,"column":11}},"loc":{"start":{"line":35,"column":16},"end":{"line":38,"column":5}},"line":35},"2":{"name":"(anonymous_2)","decl":{"start":{"line":39,"column":11},"end":{"line":39,"column":12}},"loc":{"start":{"line":39,"column":16},"end":{"line":39,"column":56}},"line":39}},"branchMap":{},"s":{"0":24,"1":2,"2":2,"3":2,"4":1,"5":1,"6":1},"f":{"0":2,"1":1,"2":1},"b":{},"_coverageSchema":"1a1c01bbd47fc00a2c39e90264f33305004495a9","hash":"49a41f7fecff8163942068c76260ae6d136ae801"}
,"/home/tristan/foundry/repos/canvas-embed/clients/common/src/api/post-appointment/types.ts": {"path":"/home/tristan/foundry/repos/canvas-embed/clients/common/src/api/post-appointment/types.ts","statementMap":{},"fnMap":{},"branchMap":{},"s":{},"f":{},"b":{}}
,"/home/tristan/foundry/repos/canvas-embed/clients/common/src/api/put-appointment/index.ts": {"path":"/home/tristan/foundry/repos/canvas-embed/clients/common/src/api/put-appointment/index.ts","statementMap":{"0":{"start":{"line":6,"column":30},"end":{"line":39,"column":1}},"1":{"start":{"line":18,"column":2},"end":{"line":18,"column":18}},"2":{"start":{"line":19,"column":15},"end":{"line":25,"column":4}},"3":{"start":{"line":27,"column":2},"end":{"line":38,"column":59}},"4":{"start":{"line":35,"column":6},"end":{"line":35,"column":23}},"5":{"start":{"line":36,"column":6},"end":{"line":36,"column":18}},"6":{"start":{"line":38,"column":16},"end":{"line":38,"column":58}}},"fnMap":{"0":{"name":"(anonymous_0)","decl":{"start":{"line":6,"column":30},"end":{"line":6,"column":31}},"loc":{"start":{"line":17,"column":32},"end":{"line":39,"column":1}},"line":17},"1":{"name":"(anonymous_1)","decl":{"start":{"line":34,"column":10},"end":{"line":34,"column":11}},"loc":{"start":{"line":34,"column":16},"end":{"line":37,"column":5}},"line":34},"2":{"name":"(anonymous_2)","decl":{"start":{"line":38,"column":11},"end":{"line":38,"column":12}},"loc":{"start":{"line":38,"column":16},"end":{"line":38,"column":58}},"line":38}},"branchMap":{},"s":{"0":24,"1":2,"2":2,"3":2,"4":1,"5":1,"6":1},"f":{"0":2,"1":1,"2":1},"b":{},"_coverageSchema":"1a1c01bbd47fc00a2c39e90264f33305004495a9","hash":"7d9339f592d8206376b14b9b2d72852330a476fd"}
,"/home/tristan/foundry/repos/canvas-embed/clients/common/src/api/put-appointment/types.ts": {"path":"/home/tristan/foundry/repos/canvas-embed/clients/common/src/api/put-appointment/types.ts","statementMap":{},"fnMap":{},"branchMap":{},"s":{},"f":{},"b":{}}
,"/home/tristan/foundry/repos/canvas-embed/clients/common/src/assets/arrow-back.tsx": {"path":"/home/tristan/foundry/repos/canvas-embed/clients/common/src/assets/arrow-back.tsx","statementMap":{"0":{"start":{"line":3,"column":25},"end":{"line":18,"column":1}},"1":{"start":{"line":4,"column":2},"end":{"line":17,"column":8}}},"fnMap":{"0":{"name":"(anonymous_0)","decl":{"start":{"line":3,"column":25},"end":{"line":3,"column":26}},"loc":{"start":{"line":4,"column":2},"end":{"line":17,"column":8}},"line":4}},"branchMap":{},"s":{"0":24,"1":7},"f":{"0":7},"b":{},"_coverageSchema":"1a1c01bbd47fc00a2c39e90264f33305004495a9","hash":"b59f2448f7d7b4134e7a6ad53e79be03c34a8665"}
,"/home/tristan/foundry/repos/canvas-embed/clients/common/src/assets/arrow-forward.tsx": {"path":"/home/tristan/foundry/repos/canvas-embed/clients/common/src/assets/arrow-forward.tsx","statementMap":{"0":{"start":{"line":3,"column":28},"end":{"line":18,"column":1}},"1":{"start":{"line":4,"column":2},"end":{"line":17,"column":8}}},"fnMap":{"0":{"name":"(anonymous_0)","decl":{"start":{"line":3,"column":28},"end":{"line":3,"column":29}},"loc":{"start":{"line":4,"column":2},"end":{"line":17,"column":8}},"line":4}},"branchMap":{},"s":{"0":24,"1":1},"f":{"0":1},"b":{},"_coverageSchema":"1a1c01bbd47fc00a2c39e90264f33305004495a9","hash":"31aaad9696b6b6bd03ef360b42689fa9cf085de0"}
,"/home/tristan/foundry/repos/canvas-embed/clients/common/src/assets/calendar.tsx": {"path":"/home/tristan/foundry/repos/canvas-embed/clients/common/src/assets/calendar.tsx","statementMap":{"0":{"start":{"line":9,"column":24},"end":{"line":26,"column":1}},"1":{"start":{"line":10,"column":2},"end":{"line":25,"column":8}}},"fnMap":{"0":{"name":"(anonymous_0)","decl":{"start":{"line":9,"column":24},"end":{"line":9,"column":25}},"loc":{"start":{"line":10,"column":2},"end":{"line":25,"column":8}},"line":10}},"branchMap":{"0":{"loc":{"start":{"line":15,"column":11},"end":{"line":15,"column":22}},"type":"binary-expr","locations":[{"start":{"line":15,"column":11},"end":{"line":15,"column":16}},{"start":{"line":15,"column":20},"end":{"line":15,"column":22}}],"line":15},"1":{"loc":{"start":{"line":16,"column":12},"end":{"line":16,"column":24}},"type":"binary-expr","locations":[{"start":{"line":16,"column":12},"end":{"line":16,"column":18}},{"start":{"line":16,"column":22},"end":{"line":16,"column":24}}],"line":16},"2":{"loc":{"start":{"line":19,"column":10},"end":{"line":19,"column":24}},"type":"binary-expr","locations":[{"start":{"line":19,"column":10},"end":{"line":19,"column":14}},{"start":{"line":19,"column":18},"end":{"line":19,"column":24}}],"line":19}},"s":{"0":24,"1":2},"f":{"0":2},"b":{"0":[2,1],"1":[2,1],"2":[2,1]},"_coverageSchema":"1a1c01bbd47fc00a2c39e90264f33305004495a9","hash":"9ebe1b98f8897c94ebd93fff459f1012b634deac"}
,"/home/tristan/foundry/repos/canvas-embed/clients/common/src/assets/close.tsx": {"path":"/home/tristan/foundry/repos/canvas-embed/clients/common/src/assets/close.tsx","statementMap":{"0":{"start":{"line":3,"column":21},"end":{"line":13,"column":1}},"1":{"start":{"line":4,"column":2},"end":{"line":12,"column":8}}},"fnMap":{"0":{"name":"(anonymous_0)","decl":{"start":{"line":3,"column":21},"end":{"line":3,"column":22}},"loc":{"start":{"line":4,"column":2},"end":{"line":12,"column":8}},"line":4}},"branchMap":{},"s":{"0":24,"1":1},"f":{"0":1},"b":{},"_coverageSchema":"1a1c01bbd47fc00a2c39e90264f33305004495a9","hash":"dd41add0dbc0fc7d8077eee1e08bed568d218156"}
,"/home/tristan/foundry/repos/canvas-embed/clients/common/src/assets/index.ts": {"path":"/home/tristan/foundry/repos/canvas-embed/clients/common/src/assets/index.ts","statementMap":{},"fnMap":{},"branchMap":{},"s":{},"f":{},"b":{},"_coverageSchema":"1a1c01bbd47fc00a2c39e90264f33305004495a9","hash":"c38f1a324ae63f59c994b4723f931c9723a9a203"}
,"/home/tristan/foundry/repos/canvas-embed/clients/common/src/assets/warning.tsx": {"path":"/home/tristan/foundry/repos/canvas-embed/clients/common/src/assets/warning.tsx","statementMap":{"0":{"start":{"line":4,"column":23},"end":{"line":26,"column":1}},"1":{"start":{"line":5,"column":2},"end":{"line":25,"column":8}}},"fnMap":{"0":{"name":"(anonymous_0)","decl":{"start":{"line":4,"column":23},"end":{"line":4,"column":24}},"loc":{"start":{"line":5,"column":2},"end":{"line":25,"column":8}},"line":5}},"branchMap":{},"s":{"0":24,"1":3},"f":{"0":3},"b":{},"_coverageSchema":"1a1c01bbd47fc00a2c39e90264f33305004495a9","hash":"85331aceab842d952e6569aa0398d238d012696a"}
,"/home/tristan/foundry/repos/canvas-embed/clients/common/src/components/index.ts": {"path":"/home/tristan/foundry/repos/canvas-embed/clients/common/src/components/index.ts","statementMap":{},"fnMap":{},"branchMap":{},"s":{},"f":{},"b":{},"_coverageSchema":"1a1c01bbd47fc00a2c39e90264f33305004495a9","hash":"97da07e3a99bc496e050088b4d357ad3d266cded"}
,"/home/tristan/foundry/repos/canvas-embed/clients/common/src/components/backdrop/index.tsx": {"path":"/home/tristan/foundry/repos/canvas-embed/clients/common/src/components/backdrop/index.tsx","statementMap":{"0":{"start":{"line":17,"column":24},"end":{"line":27,"column":1}},"1":{"start":{"line":19,"column":28},"end":{"line":19,"column":75}},"2":{"start":{"line":26,"column":18},"end":{"line":26,"column":34}},"3":{"start":{"line":29,"column":33},"end":{"line":50,"column":1}},"4":{"start":{"line":35,"column":2},"end":{"line":47,"column":3}},"5":{"start":{"line":36,"column":4},"end":{"line":46,"column":5}},"6":{"start":{"line":49,"column":2},"end":{"line":49,"column":13}}},"fnMap":{"0":{"name":"(anonymous_0)","decl":{"start":{"line":19,"column":22},"end":{"line":19,"column":23}},"loc":{"start":{"line":19,"column":28},"end":{"line":19,"column":75}},"line":19},"1":{"name":"(anonymous_1)","decl":{"start":{"line":26,"column":13},"end":{"line":26,"column":14}},"loc":{"start":{"line":26,"column":18},"end":{"line":26,"column":34}},"line":26},"2":{"name":"(anonymous_2)","decl":{"start":{"line":29,"column":33},"end":{"line":29,"column":34}},"loc":{"start":{"line":34,"column":25},"end":{"line":50,"column":1}},"line":34}},"branchMap":{"0":{"loc":{"start":{"line":19,"column":28},"end":{"line":19,"column":75}},"type":"cond-expr","locations":[{"start":{"line":19,"column":42},"end":{"line":19,"column":46}},{"start":{"line":19,"column":49},"end":{"line":19,"column":75}}],"line":19},"1":{"loc":{"start":{"line":26,"column":18},"end":{"line":26,"column":34}},"type":"binary-expr","locations":[{"start":{"line":26,"column":18},"end":{"line":26,"column":26}},{"start":{"line":26,"column":30},"end":{"line":26,"column":34}}],"line":26},"2":{"loc":{"start":{"line":35,"column":2},"end":{"line":47,"column":3}},"type":"if","locations":[{"start":{"line":35,"column":2},"end":{"line":47,"column":3}},{"start":{},"end":{}}],"line":35},"3":{"loc":{"start":{"line":35,"column":6},"end":{"line":35,"column":24}},"type":"binary-expr","locations":[{"start":{"line":35,"column":6},"end":{"line":35,"column":10}},{"start":{"line":35,"column":14},"end":{"line":35,"column":24}}],"line":35}},"s":{"0":24,"1":5,"2":5,"3":24,"4":3,"5":2,"6":1},"f":{"0":5,"1":5,"2":3},"b":{"0":[2,3],"1":[5,3],"2":[2,1],"3":[3,2]},"_coverageSchema":"1a1c01bbd47fc00a2c39e90264f33305004495a9","hash":"ea9770f4bf2d1c630c8b2b629257784d71c9d505"}
,"/home/tristan/foundry/repos/canvas-embed/clients/common/src/components/boxes/index.ts": {"path":"/home/tristan/foundry/repos/canvas-embed/clients/common/src/components/boxes/index.ts","statementMap":{"0":{"start":{"line":21,"column":28},"end":{"line":27,"column":1}},"1":{"start":{"line":24,"column":4},"end":{"line":24,"column":61}},"2":{"start":{"line":29,"column":20},"end":{"line":38,"column":1}},"3":{"start":{"line":40,"column":19},"end":{"line":52,"column":1}},"4":{"start":{"line":41,"column":22},"end":{"line":41,"column":46}},"5":{"start":{"line":42,"column":26},"end":{"line":42,"column":54}},"6":{"start":{"line":44,"column":25},"end":{"line":44,"column":52}},"7":{"start":{"line":45,"column":21},"end":{"line":45,"column":40}},"8":{"start":{"line":46,"column":23},"end":{"line":46,"column":42}},"9":{"start":{"line":47,"column":24},"end":{"line":47,"column":43}},"10":{"start":{"line":48,"column":22},"end":{"line":48,"column":41}},"11":{"start":{"line":49,"column":20},"end":{"line":49,"column":30}},"12":{"start":{"line":51,"column":16},"end":{"line":51,"column":33}},"13":{"start":{"line":54,"column":24},"end":{"line":60,"column":1}},"14":{"start":{"line":55,"column":27},"end":{"line":55,"column":31}},"15":{"start":{"line":62,"column":25},"end":{"line":66,"column":1}},"16":{"start":{"line":63,"column":27},"end":{"line":63,"column":31}},"17":{"start":{"line":67,"column":31},"end":{"line":71,"column":1}}},"fnMap":{"0":{"name":"(anonymous_0)","decl":{"start":{"line":23,"column":17},"end":{"line":23,"column":18}},"loc":{"start":{"line":24,"column":4},"end":{"line":24,"column":61}},"line":24},"1":{"name":"(anonymous_1)","decl":{"start":{"line":41,"column":17},"end":{"line":41,"column":18}},"loc":{"start":{"line":41,"column":22},"end":{"line":41,"column":46}},"line":41},"2":{"name":"(anonymous_2)","decl":{"start":{"line":42,"column":21},"end":{"line":42,"column":22}},"loc":{"start":{"line":42,"column":26},"end":{"line":42,"column":54}},"line":42},"3":{"name":"(anonymous_3)","decl":{"start":{"line":44,"column":20},"end":{"line":44,"column":21}},"loc":{"start":{"line":44,"column":25},"end":{"line":44,"column":52}},"line":44},"4":{"name":"(anonymous_4)","decl":{"start":{"line":45,"column":16},"end":{"line":45,"column":17}},"loc":{"start":{"line":45,"column":21},"end":{"line":45,"column":40}},"line":45},"5":{"name":"(anonymous_5)","decl":{"start":{"line":46,"column":18},"end":{"line":46,"column":19}},"loc":{"start":{"line":46,"column":23},"end":{"line":46,"column":42}},"line":46},"6":{"name":"(anonymous_6)","decl":{"start":{"line":47,"column":19},"end":{"line":47,"column":20}},"loc":{"start":{"line":47,"column":24},"end":{"line":47,"column":43}},"line":47},"7":{"name":"(anonymous_7)","decl":{"start":{"line":48,"column":17},"end":{"line":48,"column":18}},"loc":{"start":{"line":48,"column":22},"end":{"line":48,"column":41}},"line":48},"8":{"name":"(anonymous_8)","decl":{"start":{"line":49,"column":15},"end":{"line":49,"column":16}},"loc":{"start":{"line":49,"column":20},"end":{"line":49,"column":30}},"line":49},"9":{"name":"(anonymous_9)","decl":{"start":{"line":51,"column":11},"end":{"line":51,"column":12}},"loc":{"start":{"line":51,"column":16},"end":{"line":51,"column":33}},"line":51},"10":{"name":"(anonymous_10)","decl":{"start":{"line":55,"column":22},"end":{"line":55,"column":23}},"loc":{"start":{"line":55,"column":27},"end":{"line":55,"column":31}},"line":55},"11":{"name":"(anonymous_11)","decl":{"start":{"line":63,"column":22},"end":{"line":63,"column":23}},"loc":{"start":{"line":63,"column":27},"end":{"line":63,"column":31}},"line":63}},"branchMap":{"0":{"loc":{"start":{"line":24,"column":4},"end":{"line":24,"column":61}},"type":"cond-expr","locations":[{"start":{"line":24,"column":19},"end":{"line":24,"column":36}},{"start":{"line":24,"column":39},"end":{"line":24,"column":61}}],"line":24},"1":{"loc":{"start":{"line":41,"column":22},"end":{"line":41,"column":46}},"type":"binary-expr","locations":[{"start":{"line":41,"column":22},"end":{"line":41,"column":34}},{"start":{"line":41,"column":38},"end":{"line":41,"column":46}}],"line":41},"2":{"loc":{"start":{"line":42,"column":26},"end":{"line":42,"column":54}},"type":"binary-expr","locations":[{"start":{"line":42,"column":26},"end":{"line":42,"column":42}},{"start":{"line":42,"column":46},"end":{"line":42,"column":54}}],"line":42},"3":{"loc":{"start":{"line":44,"column":25},"end":{"line":44,"column":52}},"type":"binary-expr","locations":[{"start":{"line":44,"column":25},"end":{"line":44,"column":40}},{"start":{"line":44,"column":44},"end":{"line":44,"column":52}}],"line":44},"4":{"loc":{"start":{"line":45,"column":21},"end":{"line":45,"column":40}},"type":"binary-expr","locations":[{"start":{"line":45,"column":21},"end":{"line":45,"column":25}},{"start":{"line":45,"column":29},"end":{"line":45,"column":33}},{"start":{"line":45,"column":37},"end":{"line":45,"column":40}}],"line":45},"5":{"loc":{"start":{"line":46,"column":23},"end":{"line":46,"column":42}},"type":"binary-expr","locations":[{"start":{"line":46,"column":23},"end":{"line":46,"column":27}},{"start":{"line":46,"column":31},"end":{"line":46,"column":35}},{"start":{"line":46,"column":39},"end":{"line":46,"column":42}}],"line":46},"6":{"loc":{"start":{"line":47,"column":24},"end":{"line":47,"column":43}},"type":"binary-expr","locations":[{"start":{"line":47,"column":24},"end":{"line":47,"column":28}},{"start":{"line":47,"column":32},"end":{"line":47,"column":36}},{"start":{"line":47,"column":40},"end":{"line":47,"column":43}}],"line":47},"7":{"loc":{"start":{"line":48,"column":22},"end":{"line":48,"column":41}},"type":"binary-expr","locations":[{"start":{"line":48,"column":22},"end":{"line":48,"column":26}},{"start":{"line":48,"column":30},"end":{"line":48,"column":34}},{"start":{"line":48,"column":38},"end":{"line":48,"column":41}}],"line":48},"8":{"loc":{"start":{"line":51,"column":16},"end":{"line":51,"column":33}},"type":"binary-expr","locations":[{"start":{"line":51,"column":16},"end":{"line":51,"column":23}},{"start":{"line":51,"column":27},"end":{"line":51,"column":33}}],"line":51}},"s":{"0":24,"1":1,"2":24,"3":24,"4":11,"5":11,"6":11,"7":11,"8":11,"9":11,"10":11,"11":11,"12":11,"13":24,"14":1,"15":24,"16":1,"17":24},"f":{"0":1,"1":11,"2":11,"3":11,"4":11,"5":11,"6":11,"7":11,"8":11,"9":11,"10":1,"11":1},"b":{"0":[0,1],"1":[11,10],"2":[11,11],"3":[11,10],"4":[11,6,6],"5":[11,11,11],"6":[11,11,11],"7":[11,11,11],"8":[11,10]},"_coverageSchema":"1a1c01bbd47fc00a2c39e90264f33305004495a9","hash":"9902e6b31897594fd60a4464b316cb6022dc3994"}
,"/home/tristan/foundry/repos/canvas-embed/clients/common/src/components/buttons/index.ts": {"path":"/home/tristan/foundry/repos/canvas-embed/clients/common/src/components/buttons/index.ts","statementMap":{"0":{"start":{"line":10,"column":22},"end":{"line":36,"column":1}},"1":{"start":{"line":16,"column":27},"end":{"line":16,"column":31}},"2":{"start":{"line":19,"column":16},"end":{"line":19,"column":41}},"3":{"start":{"line":23,"column":21},"end":{"line":23,"column":40}},"4":{"start":{"line":24,"column":23},"end":{"line":24,"column":42}},"5":{"start":{"line":25,"column":24},"end":{"line":25,"column":43}},"6":{"start":{"line":26,"column":22},"end":{"line":26,"column":41}},"7":{"start":{"line":34,"column":29},"end":{"line":34,"column":33}},"8":{"start":{"line":38,"column":27},"end":{"line":46,"column":1}}},"fnMap":{"0":{"name":"(anonymous_0)","decl":{"start":{"line":16,"column":22},"end":{"line":16,"column":23}},"loc":{"start":{"line":16,"column":27},"end":{"line":16,"column":31}},"line":16},"1":{"name":"(anonymous_1)","decl":{"start":{"line":19,"column":11},"end":{"line":19,"column":12}},"loc":{"start":{"line":19,"column":16},"end":{"line":19,"column":41}},"line":19},"2":{"name":"(anonymous_2)","decl":{"start":{"line":23,"column":16},"end":{"line":23,"column":17}},"loc":{"start":{"line":23,"column":21},"end":{"line":23,"column":40}},"line":23},"3":{"name":"(anonymous_3)","decl":{"start":{"line":24,"column":18},"end":{"line":24,"column":19}},"loc":{"start":{"line":24,"column":23},"end":{"line":24,"column":42}},"line":24},"4":{"name":"(anonymous_4)","decl":{"start":{"line":25,"column":19},"end":{"line":25,"column":20}},"loc":{"start":{"line":25,"column":24},"end":{"line":25,"column":43}},"line":25},"5":{"name":"(anonymous_5)","decl":{"start":{"line":26,"column":17},"end":{"line":26,"column":18}},"loc":{"start":{"line":26,"column":22},"end":{"line":26,"column":41}},"line":26},"6":{"name":"(anonymous_6)","decl":{"start":{"line":34,"column":24},"end":{"line":34,"column":25}},"loc":{"start":{"line":34,"column":29},"end":{"line":34,"column":33}},"line":34}},"branchMap":{"0":{"loc":{"start":{"line":19,"column":16},"end":{"line":19,"column":41}},"type":"binary-expr","locations":[{"start":{"line":19,"column":16},"end":{"line":19,"column":20}},{"start":{"line":19,"column":24},"end":{"line":19,"column":41}}],"line":19},"1":{"loc":{"start":{"line":23,"column":21},"end":{"line":23,"column":40}},"type":"binary-expr","locations":[{"start":{"line":23,"column":21},"end":{"line":23,"column":25}},{"start":{"line":23,"column":29},"end":{"line":23,"column":33}},{"start":{"line":23,"column":37},"end":{"line":23,"column":40}}],"line":23},"2":{"loc":{"start":{"line":24,"column":23},"end":{"line":24,"column":42}},"type":"binary-expr","locations":[{"start":{"line":24,"column":23},"end":{"line":24,"column":27}},{"start":{"line":24,"column":31},"end":{"line":24,"column":35}},{"start":{"line":24,"column":39},"end":{"line":24,"column":42}}],"line":24},"3":{"loc":{"start":{"line":25,"column":24},"end":{"line":25,"column":43}},"type":"binary-expr","locations":[{"start":{"line":25,"column":24},"end":{"line":25,"column":28}},{"start":{"line":25,"column":32},"end":{"line":25,"column":36}},{"start":{"line":25,"column":40},"end":{"line":25,"column":43}}],"line":25},"4":{"loc":{"start":{"line":26,"column":22},"end":{"line":26,"column":41}},"type":"binary-expr","locations":[{"start":{"line":26,"column":22},"end":{"line":26,"column":26}},{"start":{"line":26,"column":30},"end":{"line":26,"column":34}},{"start":{"line":26,"column":38},"end":{"line":26,"column":41}}],"line":26}},"s":{"0":24,"1":10,"2":10,"3":10,"4":10,"5":10,"6":10,"7":10,"8":24},"f":{"0":10,"1":10,"2":10,"3":10,"4":10,"5":10,"6":10},"b":{"0":[10,3],"1":[10,10,10],"2":[10,10,10],"3":[10,10,10],"4":[10,10,10]},"_coverageSchema":"1a1c01bbd47fc00a2c39e90264f33305004495a9","hash":"d7ddefc7f05a7a78cd61e3df95132891518c2ef0"}
,"/home/tristan/foundry/repos/canvas-embed/clients/common/src/components/cancellation-display/index.tsx": {"path":"/home/tristan/foundry/repos/canvas-embed/clients/common/src/components/cancellation-display/index.tsx","statementMap":{"0":{"start":{"line":12,"column":35},"end":{"line":42,"column":1}},"1":{"start":{"line":16,"column":2},"end":{"line":41,"column":3}},"2":{"start":{"line":26,"column":24},"end":{"line":26,"column":35}},"3":{"start":{"line":35,"column":24},"end":{"line":35,"column":33}}},"fnMap":{"0":{"name":"(anonymous_0)","decl":{"start":{"line":12,"column":35},"end":{"line":12,"column":36}},"loc":{"start":{"line":15,"column":36},"end":{"line":42,"column":1}},"line":15},"1":{"name":"(anonymous_1)","decl":{"start":{"line":26,"column":19},"end":{"line":26,"column":20}},"loc":{"start":{"line":26,"column":24},"end":{"line":26,"column":35}},"line":26},"2":{"name":"(anonymous_2)","decl":{"start":{"line":35,"column":19},"end":{"line":35,"column":20}},"loc":{"start":{"line":35,"column":24},"end":{"line":35,"column":33}},"line":35}},"branchMap":{},"s":{"0":24,"1":3,"2":1,"3":1},"f":{"0":3,"1":1,"2":1},"b":{},"_coverageSchema":"1a1c01bbd47fc00a2c39e90264f33305004495a9","hash":"38a22ce618c2037ada0b809c69ca220c4d59e2d2"}
,"/home/tristan/foundry/repos/canvas-embed/clients/common/src/components/error/index.tsx": {"path":"/home/tristan/foundry/repos/canvas-embed/clients/common/src/components/error/index.tsx","statementMap":{"0":{"start":{"line":11,"column":21},"end":{"line":30,"column":1}},"1":{"start":{"line":12,"column":2},"end":{"line":29,"column":3}},"2":{"start":{"line":22,"column":12},"end":{"line":24,"column":19}}},"fnMap":{"0":{"name":"(anonymous_0)","decl":{"start":{"line":11,"column":21},"end":{"line":11,"column":22}},"loc":{"start":{"line":11,"column":60},"end":{"line":30,"column":1}},"line":11},"1":{"name":"(anonymous_1)","decl":{"start":{"line":21,"column":28},"end":{"line":21,"column":29}},"loc":{"start":{"line":22,"column":12},"end":{"line":24,"column":19}},"line":22}},"branchMap":{"0":{"loc":{"start":{"line":16,"column":9},"end":{"line":26,"column":9}},"type":"cond-expr","locations":[{"start":{"line":17,"column":10},"end":{"line":19,"column":17}},{"start":{"line":21,"column":10},"end":{"line":25,"column":12}}],"line":16}},"s":{"0":24,"1":2,"2":3},"f":{"0":2,"1":3},"b":{"0":[1,1]},"_coverageSchema":"1a1c01bbd47fc00a2c39e90264f33305004495a9","hash":"a016a010a4ebdce1c5ccdc69f82da72c38c697d9"}
,"/home/tristan/foundry/repos/canvas-embed/clients/common/src/components/header/index.tsx": {"path":"/home/tristan/foundry/repos/canvas-embed/clients/common/src/components/header/index.tsx","statementMap":{"0":{"start":{"line":14,"column":22},"end":{"line":29,"column":1}},"1":{"start":{"line":15,"column":2},"end":{"line":28,"column":17}}},"fnMap":{"0":{"name":"(anonymous_0)","decl":{"start":{"line":14,"column":22},"end":{"line":14,"column":23}},"loc":{"start":{"line":15,"column":2},"end":{"line":28,"column":17}},"line":15}},"branchMap":{},"s":{"0":24,"1":1},"f":{"0":1},"b":{},"_coverageSchema":"1a1c01bbd47fc00a2c39e90264f33305004495a9","hash":"796d61e19d5ade8d0cdfb94d8650d7444de57dd0"}
,"/home/tristan/foundry/repos/canvas-embed/clients/common/src/components/header/styles.ts": {"path":"/home/tristan/foundry/repos/canvas-embed/clients/common/src/components/header/styles.ts","statementMap":{"0":{"start":{"line":4,"column":28},"end":{"line":10,"column":1}},"1":{"start":{"line":5,"column":27},"end":{"line":5,"column":31}},"2":{"start":{"line":11,"column":31},"end":{"line":16,"column":1}},"3":{"start":{"line":18,"column":30},"end":{"line":26,"column":1}}},"fnMap":{"0":{"name":"(anonymous_0)","decl":{"start":{"line":5,"column":22},"end":{"line":5,"column":23}},"loc":{"start":{"line":5,"column":27},"end":{"line":5,"column":31}},"line":5}},"branchMap":{},"s":{"0":24,"1":1,"2":24,"3":24},"f":{"0":1},"b":{},"_coverageSchema":"1a1c01bbd47fc00a2c39e90264f33305004495a9","hash":"85a8ba28365ea230acf8b7b6aa8ecc25032f3060"}
,"/home/tristan/foundry/repos/canvas-embed/clients/common/src/components/iconography/index.ts": {"path":"/home/tristan/foundry/repos/canvas-embed/clients/common/src/components/iconography/index.ts","statementMap":{"0":{"start":{"line":9,"column":30},"end":{"line":31,"column":1}},"1":{"start":{"line":14,"column":21},"end":{"line":14,"column":40}},"2":{"start":{"line":15,"column":23},"end":{"line":15,"column":42}},"3":{"start":{"line":16,"column":24},"end":{"line":16,"column":43}},"4":{"start":{"line":17,"column":22},"end":{"line":17,"column":41}},"5":{"start":{"line":23,"column":19},"end":{"line":23,"column":23}},"6":{"start":{"line":28,"column":21},"end":{"line":28,"column":25}},"7":{"start":{"line":33,"column":26},"end":{"line":60,"column":1}},"8":{"start":{"line":40,"column":21},"end":{"line":40,"column":40}},"9":{"start":{"line":41,"column":23},"end":{"line":41,"column":42}},"10":{"start":{"line":42,"column":24},"end":{"line":42,"column":43}},"11":{"start":{"line":43,"column":22},"end":{"line":43,"column":41}},"12":{"start":{"line":48,"column":19},"end":{"line":48,"column":23}},"13":{"start":{"line":52,"column":21},"end":{"line":52,"column":25}}},"fnMap":{"0":{"name":"(anonymous_0)","decl":{"start":{"line":14,"column":16},"end":{"line":14,"column":17}},"loc":{"start":{"line":14,"column":21},"end":{"line":14,"column":40}},"line":14},"1":{"name":"(anonymous_1)","decl":{"start":{"line":15,"column":18},"end":{"line":15,"column":19}},"loc":{"start":{"line":15,"column":23},"end":{"line":15,"column":42}},"line":15},"2":{"name":"(anonymous_2)","decl":{"start":{"line":16,"column":19},"end":{"line":16,"column":20}},"loc":{"start":{"line":16,"column":24},"end":{"line":16,"column":43}},"line":16},"3":{"name":"(anonymous_3)","decl":{"start":{"line":17,"column":17},"end":{"line":17,"column":18}},"loc":{"start":{"line":17,"column":22},"end":{"line":17,"column":41}},"line":17},"4":{"name":"(anonymous_4)","decl":{"start":{"line":23,"column":14},"end":{"line":23,"column":15}},"loc":{"start":{"line":23,"column":19},"end":{"line":23,"column":23}},"line":23},"5":{"name":"(anonymous_5)","decl":{"start":{"line":28,"column":16},"end":{"line":28,"column":17}},"loc":{"start":{"line":28,"column":21},"end":{"line":28,"column":25}},"line":28},"6":{"name":"(anonymous_6)","decl":{"start":{"line":40,"column":16},"end":{"line":40,"column":17}},"loc":{"start":{"line":40,"column":21},"end":{"line":40,"column":40}},"line":40},"7":{"name":"(anonymous_7)","decl":{"start":{"line":41,"column":18},"end":{"line":41,"column":19}},"loc":{"start":{"line":41,"column":23},"end":{"line":41,"column":42}},"line":41},"8":{"name":"(anonymous_8)","decl":{"start":{"line":42,"column":19},"end":{"line":42,"column":20}},"loc":{"start":{"line":42,"column":24},"end":{"line":42,"column":43}},"line":42},"9":{"name":"(anonymous_9)","decl":{"start":{"line":43,"column":17},"end":{"line":43,"column":18}},"loc":{"start":{"line":43,"column":22},"end":{"line":43,"column":41}},"line":43},"10":{"name":"(anonymous_10)","decl":{"start":{"line":48,"column":14},"end":{"line":48,"column":15}},"loc":{"start":{"line":48,"column":19},"end":{"line":48,"column":23}},"line":48},"11":{"name":"(anonymous_11)","decl":{"start":{"line":52,"column":16},"end":{"line":52,"column":17}},"loc":{"start":{"line":52,"column":21},"end":{"line":52,"column":25}},"line":52}},"branchMap":{"0":{"loc":{"start":{"line":14,"column":21},"end":{"line":14,"column":40}},"type":"binary-expr","locations":[{"start":{"line":14,"column":21},"end":{"line":14,"column":25}},{"start":{"line":14,"column":29},"end":{"line":14,"column":33}},{"start":{"line":14,"column":37},"end":{"line":14,"column":40}}],"line":14},"1":{"loc":{"start":{"line":15,"column":23},"end":{"line":15,"column":42}},"type":"binary-expr","locations":[{"start":{"line":15,"column":23},"end":{"line":15,"column":27}},{"start":{"line":15,"column":31},"end":{"line":15,"column":35}},{"start":{"line":15,"column":39},"end":{"line":15,"column":42}}],"line":15},"2":{"loc":{"start":{"line":16,"column":24},"end":{"line":16,"column":43}},"type":"binary-expr","locations":[{"start":{"line":16,"column":24},"end":{"line":16,"column":28}},{"start":{"line":16,"column":32},"end":{"line":16,"column":36}},{"start":{"line":16,"column":40},"end":{"line":16,"column":43}}],"line":16},"3":{"loc":{"start":{"line":17,"column":22},"end":{"line":17,"column":41}},"type":"binary-expr","locations":[{"start":{"line":17,"column":22},"end":{"line":17,"column":26}},{"start":{"line":17,"column":30},"end":{"line":17,"column":34}},{"start":{"line":17,"column":38},"end":{"line":17,"column":41}}],"line":17},"4":{"loc":{"start":{"line":40,"column":21},"end":{"line":40,"column":40}},"type":"binary-expr","locations":[{"start":{"line":40,"column":21},"end":{"line":40,"column":25}},{"start":{"line":40,"column":29},"end":{"line":40,"column":33}},{"start":{"line":40,"column":37},"end":{"line":40,"column":40}}],"line":40},"5":{"loc":{"start":{"line":41,"column":23},"end":{"line":41,"column":42}},"type":"binary-expr","locations":[{"start":{"line":41,"column":23},"end":{"line":41,"column":27}},{"start":{"line":41,"column":31},"end":{"line":41,"column":35}},{"start":{"line":41,"column":39},"end":{"line":41,"column":42}}],"line":41},"6":{"loc":{"start":{"line":42,"column":24},"end":{"line":42,"column":43}},"type":"binary-expr","locations":[{"start":{"line":42,"column":24},"end":{"line":42,"column":28}},{"start":{"line":42,"column":32},"end":{"line":42,"column":36}},{"start":{"line":42,"column":40},"end":{"line":42,"column":43}}],"line":42},"7":{"loc":{"start":{"line":43,"column":22},"end":{"line":43,"column":41}},"type":"binary-expr","locations":[{"start":{"line":43,"column":22},"end":{"line":43,"column":26}},{"start":{"line":43,"column":30},"end":{"line":43,"column":34}},{"start":{"line":43,"column":38},"end":{"line":43,"column":41}}],"line":43}},"s":{"0":24,"1":3,"2":3,"3":3,"4":3,"5":3,"6":3,"7":24,"8":3,"9":3,"10":3,"11":3,"12":3,"13":3},"f":{"0":3,"1":3,"2":3,"3":3,"4":3,"5":3,"6":3,"7":3,"8":3,"9":3,"10":3,"11":3},"b":{"0":[3,3,3],"1":[3,3,3],"2":[3,3,3],"3":[3,3,3],"4":[3,3,3],"5":[3,3,3],"6":[3,3,3],"7":[3,3,3]},"_coverageSchema":"1a1c01bbd47fc00a2c39e90264f33305004495a9","hash":"b47e5939542f7a096332b7f6d5a015ddcab33286"}
,"/home/tristan/foundry/repos/canvas-embed/clients/common/src/components/loader/index.tsx": {"path":"/home/tristan/foundry/repos/canvas-embed/clients/common/src/components/loader/index.tsx","statementMap":{"0":{"start":{"line":16,"column":15},"end":{"line":24,"column":1}},"1":{"start":{"line":26,"column":16},"end":{"line":37,"column":1}},"2":{"start":{"line":29,"column":27},"end":{"line":29,"column":40}},"3":{"start":{"line":30,"column":30},"end":{"line":30,"column":41}},"4":{"start":{"line":39,"column":22},"end":{"line":45,"column":1}},"5":{"start":{"line":40,"column":2},"end":{"line":44,"column":13}}},"fnMap":{"0":{"name":"(anonymous_0)","decl":{"start":{"line":29,"column":22},"end":{"line":29,"column":23}},"loc":{"start":{"line":29,"column":27},"end":{"line":29,"column":40}},"line":29},"1":{"name":"(anonymous_1)","decl":{"start":{"line":30,"column":25},"end":{"line":30,"column":26}},"loc":{"start":{"line":30,"column":30},"end":{"line":30,"column":41}},"line":30},"2":{"name":"(anonymous_2)","decl":{"start":{"line":39,"column":22},"end":{"line":39,"column":23}},"loc":{"start":{"line":40,"column":2},"end":{"line":44,"column":13}},"line":40}},"branchMap":{},"s":{"0":24,"1":24,"2":1,"3":1,"4":24,"5":1},"f":{"0":1,"1":1,"2":1},"b":{},"_coverageSchema":"1a1c01bbd47fc00a2c39e90264f33305004495a9","hash":"a2ac5ffec0e5556658ff9f51e35d590682f9e254"}
,"/home/tristan/foundry/repos/canvas-embed/clients/common/src/components/popover/index.tsx": {"path":"/home/tristan/foundry/repos/canvas-embed/clients/common/src/components/popover/index.tsx","statementMap":{"0":{"start":{"line":5,"column":25},"end":{"line":14,"column":1}},"1":{"start":{"line":23,"column":23},"end":{"line":34,"column":1}},"2":{"start":{"line":29,"column":2},"end":{"line":33,"column":3}}},"fnMap":{"0":{"name":"(anonymous_0)","decl":{"start":{"line":23,"column":23},"end":{"line":23,"column":24}},"loc":{"start":{"line":28,"column":24},"end":{"line":34,"column":1}},"line":28}},"branchMap":{},"s":{"0":24,"1":24,"2":1},"f":{"0":1},"b":{},"_coverageSchema":"1a1c01bbd47fc00a2c39e90264f33305004495a9","hash":"95875277a12854facb9db48549a47f045a728fe0"}
,"/home/tristan/foundry/repos/canvas-embed/clients/common/src/components/typograhpy/index.ts": {"path":"/home/tristan/foundry/repos/canvas-embed/clients/common/src/components/typograhpy/index.ts","statementMap":{"0":{"start":{"line":8,"column":18},"end":{"line":14,"column":1}},"1":{"start":{"line":9,"column":16},"end":{"line":9,"column":20}},"2":{"start":{"line":16,"column":18},"end":{"line":20,"column":1}},"3":{"start":{"line":17,"column":16},"end":{"line":17,"column":20}},"4":{"start":{"line":22,"column":18},"end":{"line":25,"column":1}},"5":{"start":{"line":27,"column":22},"end":{"line":33,"column":1}},"6":{"start":{"line":35,"column":20},"end":{"line":39,"column":1}},"7":{"start":{"line":36,"column":16},"end":{"line":36,"column":42}},"8":{"start":{"line":37,"column":20},"end":{"line":37,"column":40}},"9":{"start":{"line":41,"column":32},"end":{"line":48,"column":1}}},"fnMap":{"0":{"name":"(anonymous_0)","decl":{"start":{"line":9,"column":11},"end":{"line":9,"column":12}},"loc":{"start":{"line":9,"column":16},"end":{"line":9,"column":20}},"line":9},"1":{"name":"(anonymous_1)","decl":{"start":{"line":17,"column":11},"end":{"line":17,"column":12}},"loc":{"start":{"line":17,"column":16},"end":{"line":17,"column":20}},"line":17},"2":{"name":"(anonymous_2)","decl":{"start":{"line":36,"column":11},"end":{"line":36,"column":12}},"loc":{"start":{"line":36,"column":16},"end":{"line":36,"column":42}},"line":36},"3":{"name":"(anonymous_3)","decl":{"start":{"line":37,"column":15},"end":{"line":37,"column":16}},"loc":{"start":{"line":37,"column":20},"end":{"line":37,"column":40}},"line":37}},"branchMap":{"0":{"loc":{"start":{"line":36,"column":16},"end":{"line":36,"column":42}},"type":"binary-expr","locations":[{"start":{"line":36,"column":16},"end":{"line":36,"column":20}},{"start":{"line":36,"column":24},"end":{"line":36,"column":42}}],"line":36},"1":{"loc":{"start":{"line":37,"column":20},"end":{"line":37,"column":40}},"type":"binary-expr","locations":[{"start":{"line":37,"column":20},"end":{"line":37,"column":30}},{"start":{"line":37,"column":34},"end":{"line":37,"column":40}}],"line":37}},"s":{"0":24,"1":3,"2":24,"3":5,"4":24,"5":24,"6":24,"7":6,"8":6,"9":24},"f":{"0":3,"1":5,"2":6,"3":6},"b":{"0":[6,1],"1":[6,1]},"_coverageSchema":"1a1c01bbd47fc00a2c39e90264f33305004495a9","hash":"05bc32863fe3ed8e7f1e1e44cfd35c6472bca2e9"}
,"/home/tristan/foundry/repos/canvas-embed/clients/common/src/utils/index.ts": {"path":"/home/tristan/foundry/repos/canvas-embed/clients/common/src/utils/index.ts","statementMap":{},"fnMap":{},"branchMap":{},"s":{},"f":{},"b":{},"_coverageSchema":"1a1c01bbd47fc00a2c39e90264f33305004495a9","hash":"fc253ecd6a5bdebf9784d34cf1b344d0be92be56"}
,"/home/tristan/foundry/repos/canvas-embed/clients/common/src/utils/constants/appointments.ts": {"path":"/home/tristan/foundry/repos/canvas-embed/clients/common/src/utils/constants/appointments.ts","statementMap":{"0":{"start":{"line":1,"column":38},"end":{"line":4,"column":1}},"1":{"start":{"line":6,"column":32},"end":{"line":24,"column":1}},"2":{"start":{"line":26,"column":24},"end":{"line":29,"column":1}}},"fnMap":{},"branchMap":{},"s":{"0":24,"1":24,"2":24},"f":{},"b":{},"_coverageSchema":"1a1c01bbd47fc00a2c39e90264f33305004495a9","hash":"7a74c3e0064b712c426e9f1d009ec3a9873ed6eb"}
,"/home/tristan/foundry/repos/canvas-embed/clients/common/src/utils/constants/index.ts": {"path":"/home/tristan/foundry/repos/canvas-embed/clients/common/src/utils/constants/index.ts","statementMap":{},"fnMap":{},"branchMap":{},"s":{},"f":{},"b":{},"_coverageSchema":"1a1c01bbd47fc00a2c39e90264f33305004495a9","hash":"113c8d06244ee46e7248c9c597e3b57f66298b41"}
,"/home/tristan/foundry/repos/canvas-embed/clients/common/src/utils/dates/format.ts": {"path":"/home/tristan/foundry/repos/canvas-embed/clients/common/src/utils/dates/format.ts","statementMap":{"0":{"start":{"line":2,"column":15},"end":{"line":2,"column":33}},"1":{"start":{"line":3,"column":2},"end":{"line":3,"column":76}},"2":{"start":{"line":6,"column":26},"end":{"line":9,"column":1}},"3":{"start":{"line":7,"column":20},"end":{"line":7,"column":50}},"4":{"start":{"line":8,"column":2},"end":{"line":8,"column":59}},"5":{"start":{"line":11,"column":32},"end":{"line":13,"column":1}},"6":{"start":{"line":12,"column":2},"end":{"line":12,"column":40}},"7":{"start":{"line":15,"column":27},"end":{"line":17,"column":1}},"8":{"start":{"line":16,"column":2},"end":{"line":16,"column":43}}},"fnMap":{"0":{"name":"formatTime","decl":{"start":{"line":1,"column":16},"end":{"line":1,"column":26}},"loc":{"start":{"line":1,"column":52},"end":{"line":4,"column":1}},"line":1},"1":{"name":"(anonymous_1)","decl":{"start":{"line":6,"column":26},"end":{"line":6,"column":27}},"loc":{"start":{"line":6,"column":42},"end":{"line":9,"column":1}},"line":6},"2":{"name":"(anonymous_2)","decl":{"start":{"line":11,"column":32},"end":{"line":11,"column":33}},"loc":{"start":{"line":11,"column":48},"end":{"line":13,"column":1}},"line":11},"3":{"name":"(anonymous_3)","decl":{"start":{"line":15,"column":27},"end":{"line":15,"column":28}},"loc":{"start":{"line":15,"column":51},"end":{"line":17,"column":1}},"line":15}},"branchMap":{},"s":{"0":1,"1":1,"2":24,"3":1,"4":1,"5":24,"6":2,"7":24,"8":33},"f":{"0":1,"1":1,"2":2,"3":33},"b":{},"_coverageSchema":"1a1c01bbd47fc00a2c39e90264f33305004495a9","hash":"e91de7fe2a51ca7933871fac4d5be440e2a6e9a1"}
,"/home/tristan/foundry/repos/canvas-embed/clients/common/src/utils/dates/functions.ts": {"path":"/home/tristan/foundry/repos/canvas-embed/clients/common/src/utils/dates/functions.ts","statementMap":{"0":{"start":{"line":4,"column":25},"end":{"line":9,"column":1}},"1":{"start":{"line":5,"column":2},"end":{"line":8,"column":3}},"2":{"start":{"line":11,"column":34},"end":{"line":13,"column":1}},"3":{"start":{"line":12,"column":2},"end":{"line":12,"column":42}}},"fnMap":{"0":{"name":"(anonymous_0)","decl":{"start":{"line":4,"column":25},"end":{"line":4,"column":26}},"loc":{"start":{"line":4,"column":65},"end":{"line":9,"column":1}},"line":4},"1":{"name":"(anonymous_1)","decl":{"start":{"line":11,"column":34},"end":{"line":11,"column":35}},"loc":{"start":{"line":11,"column":60},"end":{"line":13,"column":1}},"line":11}},"branchMap":{},"s":{"0":24,"1":2,"2":24,"3":10},"f":{"0":2,"1":10},"b":{},"_coverageSchema":"1a1c01bbd47fc00a2c39e90264f33305004495a9","hash":"5c7577c2d2af3e32590c376eac1b2dd9a170f5d3"}
,"/home/tristan/foundry/repos/canvas-embed/clients/common/src/utils/dates/index.ts": {"path":"/home/tristan/foundry/repos/canvas-embed/clients/common/src/utils/dates/index.ts","statementMap":{},"fnMap":{},"branchMap":{},"s":{},"f":{},"b":{},"_coverageSchema":"1a1c01bbd47fc00a2c39e90264f33305004495a9","hash":"334745900a57b9215f667c6202006adeeed77da6"}
,"/home/tristan/foundry/repos/canvas-embed/clients/common/src/utils/functions/index.ts": {"path":"/home/tristan/foundry/repos/canvas-embed/clients/common/src/utils/functions/index.ts","statementMap":{"0":{"start":{"line":3,"column":34},"end":{"line":12,"column":1}},"1":{"start":{"line":4,"column":2},"end":{"line":11,"column":3}},"2":{"start":{"line":5,"column":4},"end":{"line":8,"column":5}},"3":{"start":{"line":6,"column":36},"end":{"line":6,"column":54}},"4":{"start":{"line":10,"column":4},"end":{"line":10,"column":38}}},"fnMap":{"0":{"name":"(anonymous_0)","decl":{"start":{"line":3,"column":34},"end":{"line":3,"column":35}},"loc":{"start":{"line":3,"column":59},"end":{"line":12,"column":1}},"line":3},"1":{"name":"(anonymous_1)","decl":{"start":{"line":6,"column":28},"end":{"line":6,"column":29}},"loc":{"start":{"line":6,"column":36},"end":{"line":6,"column":54}},"line":6}},"branchMap":{"0":{"loc":{"start":{"line":4,"column":2},"end":{"line":11,"column":3}},"type":"if","locations":[{"start":{"line":4,"column":2},"end":{"line":11,"column":3}},{"start":{"line":9,"column":9},"end":{"line":11,"column":3}}],"line":4},"1":{"loc":{"start":{"line":6,"column":6},"end":{"line":7,"column":33}},"type":"binary-expr","locations":[{"start":{"line":6,"column":6},"end":{"line":6,"column":61}},{"start":{"line":7,"column":6},"end":{"line":7,"column":33}}],"line":6}},"s":{"0":24,"1":3,"2":2,"3":6,"4":1},"f":{"0":3,"1":6},"b":{"0":[2,1],"1":[2,1]},"_coverageSchema":"1a1c01bbd47fc00a2c39e90264f33305004495a9","hash":"1a15a4d6cb59f700031638df7e1f79fd1bbf7221"}
,"/home/tristan/foundry/repos/canvas-embed/clients/common/src/utils/styles/colors.ts": {"path":"/home/tristan/foundry/repos/canvas-embed/clients/common/src/utils/styles/colors.ts","statementMap":{"0":{"start":{"line":3,"column":29},"end":{"line":8,"column":1}},"1":{"start":{"line":10,"column":22},"end":{"line":33,"column":1}}},"fnMap":{},"branchMap":{},"s":{"0":24,"1":24},"f":{},"b":{},"_coverageSchema":"1a1c01bbd47fc00a2c39e90264f33305004495a9","hash":"8b49947e017d4b904bd2899937928e3baebfb16b"}
,"/home/tristan/foundry/repos/canvas-embed/clients/common/src/utils/styles/functions.ts": {"path":"/home/tristan/foundry/repos/canvas-embed/clients/common/src/utils/styles/functions.ts","statementMap":{"0":{"start":{"line":5,"column":34},"end":{"line":7,"column":1}},"1":{"start":{"line":6,"column":2},"end":{"line":6,"column":55}},"2":{"start":{"line":9,"column":39},"end":{"line":11,"column":1}},"3":{"start":{"line":10,"column":2},"end":{"line":10,"column":48}},"4":{"start":{"line":13,"column":34},"end":{"line":15,"column":1}},"5":{"start":{"line":14,"column":2},"end":{"line":14,"column":50}},"6":{"start":{"line":17,"column":30},"end":{"line":37,"column":1}},"7":{"start":{"line":21,"column":16},"end":{"line":21,"column":49}},"8":{"start":{"line":22,"column":17},"end":{"line":22,"column":51}},"9":{"start":{"line":24,"column":2},"end":{"line":36,"column":3}}},"fnMap":{"0":{"name":"(anonymous_0)","decl":{"start":{"line":5,"column":34},"end":{"line":5,"column":35}},"loc":{"start":{"line":5,"column":61},"end":{"line":7,"column":1}},"line":5},"1":{"name":"(anonymous_1)","decl":{"start":{"line":9,"column":39},"end":{"line":9,"column":40}},"loc":{"start":{"line":9,"column":66},"end":{"line":11,"column":1}},"line":9},"2":{"name":"(anonymous_2)","decl":{"start":{"line":13,"column":34},"end":{"line":13,"column":35}},"loc":{"start":{"line":13,"column":61},"end":{"line":15,"column":1}},"line":13},"3":{"name":"(anonymous_3)","decl":{"start":{"line":17,"column":30},"end":{"line":17,"column":31}},"loc":{"start":{"line":20,"column":26},"end":{"line":37,"column":1}},"line":20}},"branchMap":{"0":{"loc":{"start":{"line":6,"column":9},"end":{"line":6,"column":55}},"type":"cond-expr","locations":[{"start":{"line":6,"column":34},"end":{"line":6,"column":43}},{"start":{"line":6,"column":46},"end":{"line":6,"column":55}}],"line":6},"1":{"loc":{"start":{"line":21,"column":16},"end":{"line":21,"column":49}},"type":"binary-expr","locations":[{"start":{"line":21,"column":16},"end":{"line":21,"column":26}},{"start":{"line":21,"column":30},"end":{"line":21,"column":49}}],"line":21},"2":{"loc":{"start":{"line":22,"column":17},"end":{"line":22,"column":51}},"type":"binary-expr","locations":[{"start":{"line":22,"column":17},"end":{"line":22,"column":28}},{"start":{"line":22,"column":32},"end":{"line":22,"column":51}}],"line":22}},"s":{"0":24,"1":82,"2":24,"3":5,"4":24,"5":81,"6":24,"7":4,"8":4,"9":4},"f":{"0":82,"1":5,"2":81,"3":4},"b":{"0":[25,57],"1":[4,1],"2":[4,1]},"_coverageSchema":"1a1c01bbd47fc00a2c39e90264f33305004495a9","hash":"8127ec9469ef3fdc33ea5bb673bc28f1dc4bf262"}
,"/home/tristan/foundry/repos/canvas-embed/clients/common/src/utils/styles/index.ts": {"path":"/home/tristan/foundry/repos/canvas-embed/clients/common/src/utils/styles/index.ts","statementMap":{},"fnMap":{},"branchMap":{},"s":{},"f":{},"b":{},"_coverageSchema":"1a1c01bbd47fc00a2c39e90264f33305004495a9","hash":"deda0a8213d8c04e8fe6914b0716429444b4763e"}
,"/home/tristan/foundry/repos/canvas-embed/clients/common/src/utils/styles/size.ts": {"path":"/home/tristan/foundry/repos/canvas-embed/clients/common/src/utils/styles/size.ts","statementMap":{"0":{"start":{"line":1,"column":24},"end":{"line":1,"column":31}},"1":{"start":{"line":2,"column":24},"end":{"line":2,"column":31}}},"fnMap":{},"branchMap":{},"s":{"0":24,"1":24},"f":{},"b":{},"_coverageSchema":"1a1c01bbd47fc00a2c39e90264f33305004495a9","hash":"d611830839d2f69d9c6bad0f40ddebe953034829"}
,"/home/tristan/foundry/repos/canvas-embed/clients/common/src/utils/styles/types.ts": {"path":"/home/tristan/foundry/repos/canvas-embed/clients/common/src/utils/styles/types.ts","statementMap":{},"fnMap":{},"branchMap":{},"s":{},"f":{},"b":{},"_coverageSchema":"1a1c01bbd47fc00a2c39e90264f33305004495a9","hash":"a77762cf6a30ccb265ecb63b3c35f666fc30bc58"}
,"/home/tristan/foundry/repos/canvas-embed/clients/common/src/utils/types/application.ts": {"path":"/home/tristan/foundry/repos/canvas-embed/clients/common/src/utils/types/application.ts","statementMap":{},"fnMap":{},"branchMap":{},"s":{},"f":{},"b":{},"_coverageSchema":"1a1c01bbd47fc00a2c39e90264f33305004495a9","hash":"b27d7f57d21b0b344da923a7c8996fc70214e826"}
,"/home/tristan/foundry/repos/canvas-embed/clients/common/src/utils/types/index.ts": {"path":"/home/tristan/foundry/repos/canvas-embed/clients/common/src/utils/types/index.ts","statementMap":{},"fnMap":{},"branchMap":{},"s":{},"f":{},"b":{},"_coverageSchema":"1a1c01bbd47fc00a2c39e90264f33305004495a9","hash":"e7e4a5bcf9ea2f1faf16a5e723c1236e3bc33eb8"}
}
