{"/home/tristan/foundry/repos/canvas-embed/clients/common/src/delaractions.d.ts": {"path":"/home/tristan/foundry/repos/canvas-embed/clients/common/src/delaractions.d.ts","statementMap":{},"fnMap":{},"branchMap":{},"s":{},"f":{},"b":{}}
,"/home/tristan/foundry/repos/canvas-embed/clients/common/src/index.ts": {"path":"/home/tristan/foundry/repos/canvas-embed/clients/common/src/index.ts","statementMap":{},"fnMap":{},"branchMap":{},"s":{},"f":{},"b":{},"_coverageSchema":"1a1c01bbd47fc00a2c39e90264f33305004495a9","hash":"0fbcf708530dcef5fd6c06731959a09816c741bb"}
,"/home/tristan/foundry/repos/canvas-embed/clients/common/src/api/index.ts": {"path":"/home/tristan/foundry/repos/canvas-embed/clients/common/src/api/index.ts","statementMap":{},"fnMap":{},"branchMap":{},"s":{},"f":{},"b":{},"_coverageSchema":"1a1c01bbd47fc00a2c39e90264f33305004495a9","hash":"12c6797585d41491519b2a8e5e7496b184cace22"}
,"/home/tristan/foundry/repos/canvas-embed/clients/common/src/api/types.ts": {"path":"/home/tristan/foundry/repos/canvas-embed/clients/common/src/api/types.ts","statementMap":{},"fnMap":{},"branchMap":{},"s":{},"f":{},"b":{}}
,"/home/tristan/foundry/repos/canvas-embed/clients/common/src/api/construct-body/index.ts": {"path":"/home/tristan/foundry/repos/canvas-embed/clients/common/src/api/construct-body/index.ts","statementMap":{"0":{"start":{"line":4,"column":29},"end":{"line":51,"column":1}},"1":{"start":{"line":12,"column":15},"end":{"line":48,"column":3}},"2":{"start":{"line":50,"column":2},"end":{"line":50,"column":29}}},"fnMap":{"0":{"name":"(anonymous_0)","decl":{"start":{"line":4,"column":29},"end":{"line":4,"column":30}},"loc":{"start":{"line":11,"column":31},"end":{"line":51,"column":1}},"line":11}},"branchMap":{"0":{"loc":{"start":{"line":19,"column":20},"end":{"line":19,"column":72}},"type":"binary-expr","locations":[{"start":{"line":19,"column":20},"end":{"line":19,"column":44}},{"start":{"line":19,"column":48},"end":{"line":19,"column":72}}],"line":19}},"s":{"0":25,"1":6,"2":6},"f":{"0":6},"b":{"0":[6,1]},"_coverageSchema":"1a1c01bbd47fc00a2c39e90264f33305004495a9","hash":"05fa4e884f04fcec11da016932b0c1cf960848d8"}
,"/home/tristan/foundry/repos/canvas-embed/clients/common/src/api/construct-body/types.ts": {"path":"/home/tristan/foundry/repos/canvas-embed/clients/common/src/api/construct-body/types.ts","statementMap":{},"fnMap":{},"branchMap":{},"s":{},"f":{},"b":{}}
,"/home/tristan/foundry/repos/canvas-embed/clients/common/src/api/get-appointment/index.ts": {"path":"/home/tristan/foundry/repos/canvas-embed/clients/common/src/api/get-appointment/index.ts","statementMap":{"0":{"start":{"line":6,"column":31},"end":{"line":27,"column":1}},"1":{"start":{"line":13,"column":22},"end":{"line":18,"column":17}},"2":{"start":{"line":14,"column":4},"end":{"line":17,"column":5}},"3":{"start":{"line":20,"column":2},"end":{"line":26,"column":3}},"4":{"start":{"line":21,"column":4},"end":{"line":21,"column":33}},"5":{"start":{"line":22,"column":4},"end":{"line":22,"column":21}},"6":{"start":{"line":24,"column":4},"end":{"line":24,"column":42}},"7":{"start":{"line":25,"column":4},"end":{"line":25,"column":21}},"8":{"start":{"line":29,"column":39},"end":{"line":59,"column":1}},"9":{"start":{"line":39,"column":2},"end":{"line":39,"column":18}},"10":{"start":{"line":40,"column":2},"end":{"line":58,"column":56}},"11":{"start":{"line":50,"column":6},"end":{"line":56,"column":8}},"12":{"start":{"line":58,"column":17},"end":{"line":58,"column":55}}},"fnMap":{"0":{"name":"(anonymous_0)","decl":{"start":{"line":6,"column":31},"end":{"line":6,"column":32}},"loc":{"start":{"line":12,"column":33},"end":{"line":27,"column":1}},"line":12},"1":{"name":"(anonymous_1)","decl":{"start":{"line":13,"column":46},"end":{"line":13,"column":47}},"loc":{"start":{"line":13,"column":64},"end":{"line":18,"column":3}},"line":13},"2":{"name":"(anonymous_2)","decl":{"start":{"line":29,"column":39},"end":{"line":29,"column":40}},"loc":{"start":{"line":38,"column":32},"end":{"line":59,"column":1}},"line":38},"3":{"name":"(anonymous_3)","decl":{"start":{"line":49,"column":10},"end":{"line":49,"column":11}},"loc":{"start":{"line":50,"column":6},"end":{"line":56,"column":8}},"line":50},"4":{"name":"(anonymous_4)","decl":{"start":{"line":58,"column":11},"end":{"line":58,"column":12}},"loc":{"start":{"line":58,"column":17},"end":{"line":58,"column":55}},"line":58}},"branchMap":{"0":{"loc":{"start":{"line":15,"column":6},"end":{"line":16,"column":52}},"type":"binary-expr","locations":[{"start":{"line":15,"column":6},"end":{"line":15,"column":56}},{"start":{"line":16,"column":6},"end":{"line":16,"column":52}}],"line":15},"1":{"loc":{"start":{"line":20,"column":2},"end":{"line":26,"column":3}},"type":"if","locations":[{"start":{"line":20,"column":2},"end":{"line":26,"column":3}},{"start":{"line":23,"column":9},"end":{"line":26,"column":3}}],"line":20}},"s":{"0":25,"1":3,"2":5,"3":2,"4":1,"5":1,"6":1,"7":1,"8":25,"9":1,"10":1,"11":1,"12":1},"f":{"0":3,"1":5,"2":1,"3":1,"4":1},"b":{"0":[5,1],"1":[1,1]},"_coverageSchema":"1a1c01bbd47fc00a2c39e90264f33305004495a9","hash":"db0963266038564fe6b5ea01249537ab02439de4"}
,"/home/tristan/foundry/repos/canvas-embed/clients/common/src/api/get-appointment/types.ts": {"path":"/home/tristan/foundry/repos/canvas-embed/clients/common/src/api/get-appointment/types.ts","statementMap":{},"fnMap":{},"branchMap":{},"s":{},"f":{},"b":{}}
,"/home/tristan/foundry/repos/canvas-embed/clients/common/src/api/get-appointments-list/index.ts": {"path":"/home/tristan/foundry/repos/canvas-embed/clients/common/src/api/get-appointments-list/index.ts","statementMap":{"0":{"start":{"line":10,"column":33},"end":{"line":77,"column":1}},"1":{"start":{"line":21,"column":48},"end":{"line":21,"column":50}},"2":{"start":{"line":22,"column":36},"end":{"line":22,"column":38}},"3":{"start":{"line":24,"column":2},"end":{"line":65,"column":3}},"4":{"start":{"line":25,"column":4},"end":{"line":42,"column":6}},"5":{"start":{"line":26,"column":6},"end":{"line":41,"column":7}},"6":{"start":{"line":27,"column":8},"end":{"line":40,"column":10}},"7":{"start":{"line":28,"column":10},"end":{"line":39,"column":11}},"8":{"start":{"line":29,"column":12},"end":{"line":38,"column":14}},"9":{"start":{"line":43,"column":9},"end":{"line":65,"column":3}},"10":{"start":{"line":44,"column":4},"end":{"line":64,"column":6}},"11":{"start":{"line":45,"column":6},"end":{"line":63,"column":7}},"12":{"start":{"line":47,"column":10},"end":{"line":49,"column":49}},"13":{"start":{"line":48,"column":33},"end":{"line":48,"column":73}},"14":{"start":{"line":51,"column":8},"end":{"line":60,"column":10}},"15":{"start":{"line":62,"column":8},"end":{"line":62,"column":40}},"16":{"start":{"line":67,"column":2},"end":{"line":67,"column":37}},"17":{"start":{"line":68,"column":2},"end":{"line":76,"column":4}},"18":{"start":{"line":79,"column":35},"end":{"line":145,"column":1}},"19":{"start":{"line":90,"column":2},"end":{"line":90,"column":18}},"20":{"start":{"line":92,"column":2},"end":{"line":144,"column":3}},"21":{"start":{"line":93,"column":4},"end":{"line":121,"column":59}},"22":{"start":{"line":95,"column":8},"end":{"line":106,"column":12}},"23":{"start":{"line":105,"column":12},"end":{"line":105,"column":62}},"24":{"start":{"line":110,"column":8},"end":{"line":119,"column":10}},"25":{"start":{"line":121,"column":19},"end":{"line":121,"column":58}},"26":{"start":{"line":123,"column":4},"end":{"line":143,"column":59}},"27":{"start":{"line":132,"column":8},"end":{"line":141,"column":10}},"28":{"start":{"line":143,"column":19},"end":{"line":143,"column":58}}},"fnMap":{"0":{"name":"(anonymous_0)","decl":{"start":{"line":10,"column":33},"end":{"line":10,"column":34}},"loc":{"start":{"line":20,"column":35},"end":{"line":77,"column":1}},"line":20},"1":{"name":"(anonymous_1)","decl":{"start":{"line":25,"column":33},"end":{"line":25,"column":34}},"loc":{"start":{"line":25,"column":45},"end":{"line":42,"column":5}},"line":25},"2":{"name":"(anonymous_2)","decl":{"start":{"line":27,"column":40},"end":{"line":27,"column":41}},"loc":{"start":{"line":27,"column":58},"end":{"line":40,"column":9}},"line":27},"3":{"name":"(anonymous_3)","decl":{"start":{"line":44,"column":27},"end":{"line":44,"column":28}},"loc":{"start":{"line":44,"column":45},"end":{"line":64,"column":5}},"line":44},"4":{"name":"(anonymous_4)","decl":{"start":{"line":48,"column":18},"end":{"line":48,"column":19}},"loc":{"start":{"line":48,"column":33},"end":{"line":48,"column":73}},"line":48},"5":{"name":"(anonymous_5)","decl":{"start":{"line":79,"column":35},"end":{"line":79,"column":36}},"loc":{"start":{"line":89,"column":37},"end":{"line":145,"column":1}},"line":89},"6":{"name":"(anonymous_6)","decl":{"start":{"line":94,"column":22},"end":{"line":94,"column":23}},"loc":{"start":{"line":94,"column":36},"end":{"line":107,"column":7}},"line":94},"7":{"name":"(anonymous_7)","decl":{"start":{"line":104,"column":16},"end":{"line":104,"column":17}},"loc":{"start":{"line":104,"column":28},"end":{"line":106,"column":11}},"line":104},"8":{"name":"(anonymous_8)","decl":{"start":{"line":109,"column":12},"end":{"line":109,"column":13}},"loc":{"start":{"line":110,"column":8},"end":{"line":119,"column":10}},"line":110},"9":{"name":"(anonymous_9)","decl":{"start":{"line":121,"column":13},"end":{"line":121,"column":14}},"loc":{"start":{"line":121,"column":19},"end":{"line":121,"column":58}},"line":121},"10":{"name":"(anonymous_10)","decl":{"start":{"line":131,"column":12},"end":{"line":131,"column":13}},"loc":{"start":{"line":131,"column":24},"end":{"line":142,"column":7}},"line":131},"11":{"name":"(anonymous_11)","decl":{"start":{"line":143,"column":13},"end":{"line":143,"column":14}},"loc":{"start":{"line":143,"column":19},"end":{"line":143,"column":58}},"line":143}},"branchMap":{"0":{"loc":{"start":{"line":24,"column":2},"end":{"line":65,"column":3}},"type":"if","locations":[{"start":{"line":24,"column":2},"end":{"line":65,"column":3}},{"start":{"line":43,"column":9},"end":{"line":65,"column":3}}],"line":24},"1":{"loc":{"start":{"line":26,"column":6},"end":{"line":41,"column":7}},"type":"if","locations":[{"start":{"line":26,"column":6},"end":{"line":41,"column":7}},{"start":{},"end":{}}],"line":26},"2":{"loc":{"start":{"line":28,"column":10},"end":{"line":39,"column":11}},"type":"if","locations":[{"start":{"line":28,"column":10},"end":{"line":39,"column":11}},{"start":{},"end":{}}],"line":28},"3":{"loc":{"start":{"line":31,"column":20},"end":{"line":31,"column":65}},"type":"binary-expr","locations":[{"start":{"line":31,"column":20},"end":{"line":31,"column":59}},{"start":{"line":31,"column":63},"end":{"line":31,"column":65}}],"line":31},"4":{"loc":{"start":{"line":32,"column":23},"end":{"line":32,"column":71}},"type":"binary-expr","locations":[{"start":{"line":32,"column":23},"end":{"line":32,"column":65}},{"start":{"line":32,"column":69},"end":{"line":32,"column":71}}],"line":32},"5":{"loc":{"start":{"line":34,"column":16},"end":{"line":34,"column":79}},"type":"binary-expr","locations":[{"start":{"line":34,"column":16},"end":{"line":34,"column":73}},{"start":{"line":34,"column":77},"end":{"line":34,"column":79}}],"line":34},"6":{"loc":{"start":{"line":43,"column":9},"end":{"line":65,"column":3}},"type":"if","locations":[{"start":{"line":43,"column":9},"end":{"line":65,"column":3}},{"start":{},"end":{}}],"line":43},"7":{"loc":{"start":{"line":43,"column":13},"end":{"line":43,"column":51}},"type":"binary-expr","locations":[{"start":{"line":43,"column":13},"end":{"line":43,"column":25}},{"start":{"line":43,"column":29},"end":{"line":43,"column":51}}],"line":43},"8":{"loc":{"start":{"line":45,"column":6},"end":{"line":63,"column":7}},"type":"if","locations":[{"start":{"line":45,"column":6},"end":{"line":63,"column":7}},{"start":{},"end":{}}],"line":45},"9":{"loc":{"start":{"line":47,"column":10},"end":{"line":49,"column":49}},"type":"binary-expr","locations":[{"start":{"line":47,"column":10},"end":{"line":49,"column":43}},{"start":{"line":49,"column":47},"end":{"line":49,"column":49}}],"line":47},"10":{"loc":{"start":{"line":53,"column":16},"end":{"line":53,"column":61}},"type":"binary-expr","locations":[{"start":{"line":53,"column":16},"end":{"line":53,"column":55}},{"start":{"line":53,"column":59},"end":{"line":53,"column":61}}],"line":53},"11":{"loc":{"start":{"line":54,"column":19},"end":{"line":54,"column":67}},"type":"binary-expr","locations":[{"start":{"line":54,"column":19},"end":{"line":54,"column":61}},{"start":{"line":54,"column":65},"end":{"line":54,"column":67}}],"line":54},"12":{"loc":{"start":{"line":56,"column":12},"end":{"line":56,"column":75}},"type":"binary-expr","locations":[{"start":{"line":56,"column":12},"end":{"line":56,"column":69}},{"start":{"line":56,"column":73},"end":{"line":56,"column":75}}],"line":56},"13":{"loc":{"start":{"line":92,"column":2},"end":{"line":144,"column":3}},"type":"if","locations":[{"start":{"line":92,"column":2},"end":{"line":144,"column":3}},{"start":{"line":122,"column":9},"end":{"line":144,"column":3}}],"line":92}},"s":{"0":25,"1":5,"2":5,"3":5,"4":3,"5":3,"6":1,"7":3,"8":2,"9":2,"10":1,"11":3,"12":2,"13":3,"14":2,"15":2,"16":4,"17":4,"18":25,"19":2,"20":2,"21":1,"22":2,"23":2,"24":1,"25":1,"26":1,"27":1,"28":1},"f":{"0":5,"1":3,"2":3,"3":3,"4":3,"5":2,"6":2,"7":2,"8":1,"9":1,"10":1,"11":1},"b":{"0":[3,2],"1":[1,1],"2":[2,1],"3":[2,1],"4":[2,1],"5":[2,1],"6":[1,1],"7":[2,1],"8":[2,1],"9":[2,1],"10":[2,1],"11":[2,1],"12":[2,1],"13":[1,1]},"_coverageSchema":"1a1c01bbd47fc00a2c39e90264f33305004495a9","hash":"907e6d25d84a48e89fbcde91dc1459d8973eafd9"}
,"/home/tristan/foundry/repos/canvas-embed/clients/common/src/api/get-appointments-list/types.ts": {"path":"/home/tristan/foundry/repos/canvas-embed/clients/common/src/api/get-appointments-list/types.ts","statementMap":{},"fnMap":{},"branchMap":{},"s":{},"f":{},"b":{}}
,"/home/tristan/foundry/repos/canvas-embed/clients/common/src/api/get-practitioners/index.ts": {"path":"/home/tristan/foundry/repos/canvas-embed/clients/common/src/api/get-practitioners/index.ts","statementMap":{"0":{"start":{"line":9,"column":34},"end":{"line":31,"column":1}},"1":{"start":{"line":15,"column":43},"end":{"line":15,"column":45}},"2":{"start":{"line":17,"column":2},"end":{"line":27,"column":3}},"3":{"start":{"line":18,"column":4},"end":{"line":26,"column":6}},"4":{"start":{"line":19,"column":6},"end":{"line":25,"column":7}},"5":{"start":{"line":19,"column":44},"end":{"line":19,"column":59}},"6":{"start":{"line":20,"column":8},"end":{"line":24,"column":10}},"7":{"start":{"line":22,"column":55},"end":{"line":22,"column":79}},"8":{"start":{"line":29,"column":2},"end":{"line":29,"column":31}},"9":{"start":{"line":30,"column":2},"end":{"line":30,"column":19}},"10":{"start":{"line":33,"column":32},"end":{"line":60,"column":1}},"11":{"start":{"line":42,"column":2},"end":{"line":42,"column":18}},"12":{"start":{"line":44,"column":2},"end":{"line":59,"column":54}},"13":{"start":{"line":52,"column":6},"end":{"line":57,"column":8}},"14":{"start":{"line":59,"column":17},"end":{"line":59,"column":53}}},"fnMap":{"0":{"name":"(anonymous_0)","decl":{"start":{"line":9,"column":34},"end":{"line":9,"column":35}},"loc":{"start":{"line":14,"column":35},"end":{"line":31,"column":1}},"line":14},"1":{"name":"(anonymous_1)","decl":{"start":{"line":18,"column":20},"end":{"line":18,"column":21}},"loc":{"start":{"line":18,"column":32},"end":{"line":26,"column":5}},"line":18},"2":{"name":"(anonymous_2)","decl":{"start":{"line":19,"column":32},"end":{"line":19,"column":33}},"loc":{"start":{"line":19,"column":44},"end":{"line":19,"column":59}},"line":19},"3":{"name":"(anonymous_3)","decl":{"start":{"line":22,"column":37},"end":{"line":22,"column":38}},"loc":{"start":{"line":22,"column":55},"end":{"line":22,"column":79}},"line":22},"4":{"name":"(anonymous_4)","decl":{"start":{"line":33,"column":32},"end":{"line":33,"column":33}},"loc":{"start":{"line":41,"column":34},"end":{"line":60,"column":1}},"line":41},"5":{"name":"(anonymous_5)","decl":{"start":{"line":51,"column":10},"end":{"line":51,"column":11}},"loc":{"start":{"line":51,"column":22},"end":{"line":58,"column":5}},"line":51},"6":{"name":"(anonymous_6)","decl":{"start":{"line":59,"column":11},"end":{"line":59,"column":12}},"loc":{"start":{"line":59,"column":17},"end":{"line":59,"column":53}},"line":59}},"branchMap":{"0":{"loc":{"start":{"line":17,"column":2},"end":{"line":27,"column":3}},"type":"if","locations":[{"start":{"line":17,"column":2},"end":{"line":27,"column":3}},{"start":{},"end":{}}],"line":17},"1":{"loc":{"start":{"line":19,"column":6},"end":{"line":25,"column":7}},"type":"if","locations":[{"start":{"line":19,"column":6},"end":{"line":25,"column":7}},{"start":{},"end":{}}],"line":19}},"s":{"0":26,"1":8,"2":8,"3":2,"4":5,"5":3,"6":4,"7":6,"8":3,"9":3,"10":26,"11":7,"12":7,"13":5,"14":6},"f":{"0":8,"1":5,"2":3,"3":6,"4":7,"5":5,"6":6},"b":{"0":[2,1],"1":[4,1]},"_coverageSchema":"1a1c01bbd47fc00a2c39e90264f33305004495a9","hash":"f8e689488a6969ae6d71d18752ac1214d1eb9edd"}
,"/home/tristan/foundry/repos/canvas-embed/clients/common/src/api/get-practitioners/types.ts": {"path":"/home/tristan/foundry/repos/canvas-embed/clients/common/src/api/get-practitioners/types.ts","statementMap":{},"fnMap":{},"branchMap":{},"s":{},"f":{},"b":{}}
,"/home/tristan/foundry/repos/canvas-embed/clients/common/src/api/get-slots/index.ts": {"path":"/home/tristan/foundry/repos/canvas-embed/clients/common/src/api/get-slots/index.ts","statementMap":{"0":{"start":{"line":10,"column":29},"end":{"line":10,"column":37}},"1":{"start":{"line":12,"column":26},"end":{"line":50,"column":1}},"2":{"start":{"line":23,"column":35},"end":{"line":23,"column":37}},"3":{"start":{"line":24,"column":2},"end":{"line":38,"column":4}},"4":{"start":{"line":25,"column":38},"end":{"line":25,"column":40}},"5":{"start":{"line":26,"column":23},"end":{"line":26,"column":49}},"6":{"start":{"line":27,"column":4},"end":{"line":36,"column":5}},"7":{"start":{"line":27,"column":17},"end":{"line":27,"column":18}},"8":{"start":{"line":28,"column":6},"end":{"line":35,"column":7}},"9":{"start":{"line":29,"column":8},"end":{"line":32,"column":10}},"10":{"start":{"line":34,"column":8},"end":{"line":34,"column":13}},"11":{"start":{"line":37,"column":4},"end":{"line":37,"column":66}},"12":{"start":{"line":39,"column":2},"end":{"line":39,"column":21}},"13":{"start":{"line":41,"column":2},"end":{"line":49,"column":4}},"14":{"start":{"line":52,"column":28},"end":{"line":101,"column":1}},"15":{"start":{"line":66,"column":2},"end":{"line":66,"column":18}},"16":{"start":{"line":68,"column":2},"end":{"line":100,"column":57}},"17":{"start":{"line":70,"column":18},"end":{"line":70,"column":79}},"18":{"start":{"line":71,"column":6},"end":{"line":84,"column":10}},"19":{"start":{"line":83,"column":10},"end":{"line":83,"column":59}},"20":{"start":{"line":88,"column":6},"end":{"line":98,"column":8}},"21":{"start":{"line":100,"column":17},"end":{"line":100,"column":56}}},"fnMap":{"0":{"name":"(anonymous_0)","decl":{"start":{"line":12,"column":26},"end":{"line":12,"column":27}},"loc":{"start":{"line":22,"column":34},"end":{"line":50,"column":1}},"line":22},"1":{"name":"(anonymous_1)","decl":{"start":{"line":24,"column":20},"end":{"line":24,"column":21}},"loc":{"start":{"line":24,"column":39},"end":{"line":38,"column":3}},"line":24},"2":{"name":"(anonymous_2)","decl":{"start":{"line":52,"column":28},"end":{"line":52,"column":29}},"loc":{"start":{"line":65,"column":26},"end":{"line":101,"column":1}},"line":65},"3":{"name":"(anonymous_3)","decl":{"start":{"line":69,"column":20},"end":{"line":69,"column":21}},"loc":{"start":{"line":69,"column":34},"end":{"line":85,"column":5}},"line":69},"4":{"name":"(anonymous_4)","decl":{"start":{"line":82,"column":14},"end":{"line":82,"column":15}},"loc":{"start":{"line":82,"column":26},"end":{"line":84,"column":9}},"line":82},"5":{"name":"(anonymous_5)","decl":{"start":{"line":87,"column":10},"end":{"line":87,"column":11}},"loc":{"start":{"line":88,"column":6},"end":{"line":98,"column":8}},"line":88},"6":{"name":"(anonymous_6)","decl":{"start":{"line":100,"column":11},"end":{"line":100,"column":12}},"loc":{"start":{"line":100,"column":17},"end":{"line":100,"column":56}},"line":100}},"branchMap":{"0":{"loc":{"start":{"line":26,"column":23},"end":{"line":26,"column":49}},"type":"binary-expr","locations":[{"start":{"line":26,"column":23},"end":{"line":26,"column":43}},{"start":{"line":26,"column":47},"end":{"line":26,"column":49}}],"line":26},"1":{"loc":{"start":{"line":28,"column":6},"end":{"line":35,"column":7}},"type":"if","locations":[{"start":{"line":28,"column":6},"end":{"line":35,"column":7}},{"start":{"line":33,"column":13},"end":{"line":35,"column":7}}],"line":28},"2":{"loc":{"start":{"line":83,"column":38},"end":{"line":83,"column":57}},"type":"binary-expr","locations":[{"start":{"line":83,"column":38},"end":{"line":83,"column":51}},{"start":{"line":83,"column":55},"end":{"line":83,"column":57}}],"line":83}},"s":{"0":25,"1":25,"2":2,"3":2,"4":3,"5":3,"6":3,"7":3,"8":2,"9":2,"10":0,"11":3,"12":2,"13":2,"14":25,"15":2,"16":2,"17":4,"18":4,"19":2,"20":1,"21":1},"f":{"0":2,"1":3,"2":2,"3":4,"4":2,"5":1,"6":1},"b":{"0":[3,2],"1":[2,0],"2":[2,2]},"_coverageSchema":"1a1c01bbd47fc00a2c39e90264f33305004495a9","hash":"df83ea7aa24fb9c509293a1cd4ef141b9c2b5dbc"}
,"/home/tristan/foundry/repos/canvas-embed/clients/common/src/api/get-slots/types.ts": {"path":"/home/tristan/foundry/repos/canvas-embed/clients/common/src/api/get-slots/types.ts","statementMap":{},"fnMap":{},"branchMap":{},"s":{},"f":{},"b":{}}
,"/home/tristan/foundry/repos/canvas-embed/clients/common/src/api/post-appointment/index.ts": {"path":"/home/tristan/foundry/repos/canvas-embed/clients/common/src/api/post-appointment/index.ts","statementMap":{"0":{"start":{"line":6,"column":31},"end":{"line":40,"column":1}},"1":{"start":{"line":18,"column":2},"end":{"line":18,"column":18}},"2":{"start":{"line":19,"column":15},"end":{"line":26,"column":4}},"3":{"start":{"line":28,"column":2},"end":{"line":39,"column":56}},"4":{"start":{"line":36,"column":6},"end":{"line":36,"column":17}},"5":{"start":{"line":37,"column":6},"end":{"line":37,"column":23}},"6":{"start":{"line":39,"column":17},"end":{"line":39,"column":55}}},"fnMap":{"0":{"name":"(anonymous_0)","decl":{"start":{"line":6,"column":31},"end":{"line":6,"column":32}},"loc":{"start":{"line":17,"column":33},"end":{"line":40,"column":1}},"line":17},"1":{"name":"(anonymous_1)","decl":{"start":{"line":35,"column":10},"end":{"line":35,"column":11}},"loc":{"start":{"line":35,"column":16},"end":{"line":38,"column":5}},"line":35},"2":{"name":"(anonymous_2)","decl":{"start":{"line":39,"column":11},"end":{"line":39,"column":12}},"loc":{"start":{"line":39,"column":17},"end":{"line":39,"column":55}},"line":39}},"branchMap":{},"s":{"0":25,"1":2,"2":2,"3":2,"4":1,"5":1,"6":1},"f":{"0":2,"1":1,"2":1},"b":{},"_coverageSchema":"1a1c01bbd47fc00a2c39e90264f33305004495a9","hash":"1d8364745892e2cb4eaaa68df159b5165378b71b"}
,"/home/tristan/foundry/repos/canvas-embed/clients/common/src/api/post-appointment/types.ts": {"path":"/home/tristan/foundry/repos/canvas-embed/clients/common/src/api/post-appointment/types.ts","statementMap":{},"fnMap":{},"branchMap":{},"s":{},"f":{},"b":{}}
,"/home/tristan/foundry/repos/canvas-embed/clients/common/src/api/put-appointment/index.ts": {"path":"/home/tristan/foundry/repos/canvas-embed/clients/common/src/api/put-appointment/index.ts","statementMap":{"0":{"start":{"line":6,"column":30},"end":{"line":39,"column":1}},"1":{"start":{"line":18,"column":2},"end":{"line":18,"column":18}},"2":{"start":{"line":19,"column":15},"end":{"line":25,"column":4}},"3":{"start":{"line":27,"column":2},"end":{"line":38,"column":58}},"4":{"start":{"line":35,"column":6},"end":{"line":35,"column":23}},"5":{"start":{"line":36,"column":6},"end":{"line":36,"column":18}},"6":{"start":{"line":38,"column":17},"end":{"line":38,"column":57}}},"fnMap":{"0":{"name":"(anonymous_0)","decl":{"start":{"line":6,"column":30},"end":{"line":6,"column":31}},"loc":{"start":{"line":17,"column":32},"end":{"line":39,"column":1}},"line":17},"1":{"name":"(anonymous_1)","decl":{"start":{"line":34,"column":10},"end":{"line":34,"column":11}},"loc":{"start":{"line":34,"column":16},"end":{"line":37,"column":5}},"line":34},"2":{"name":"(anonymous_2)","decl":{"start":{"line":38,"column":11},"end":{"line":38,"column":12}},"loc":{"start":{"line":38,"column":17},"end":{"line":38,"column":57}},"line":38}},"branchMap":{},"s":{"0":25,"1":2,"2":2,"3":2,"4":1,"5":1,"6":1},"f":{"0":2,"1":1,"2":1},"b":{},"_coverageSchema":"1a1c01bbd47fc00a2c39e90264f33305004495a9","hash":"21cfb197e5a5ec7268908765ced77621d64b3895"}
,"/home/tristan/foundry/repos/canvas-embed/clients/common/src/api/put-appointment/types.ts": {"path":"/home/tristan/foundry/repos/canvas-embed/clients/common/src/api/put-appointment/types.ts","statementMap":{},"fnMap":{},"branchMap":{},"s":{},"f":{},"b":{}}
,"/home/tristan/foundry/repos/canvas-embed/clients/common/src/assets/arrow-back.tsx": {"path":"/home/tristan/foundry/repos/canvas-embed/clients/common/src/assets/arrow-back.tsx","statementMap":{"0":{"start":{"line":3,"column":25},"end":{"line":18,"column":1}},"1":{"start":{"line":4,"column":2},"end":{"line":17,"column":8}}},"fnMap":{"0":{"name":"(anonymous_0)","decl":{"start":{"line":3,"column":25},"end":{"line":3,"column":26}},"loc":{"start":{"line":4,"column":2},"end":{"line":17,"column":8}},"line":4}},"branchMap":{},"s":{"0":25,"1":7},"f":{"0":7},"b":{},"_coverageSchema":"1a1c01bbd47fc00a2c39e90264f33305004495a9","hash":"b59f2448f7d7b4134e7a6ad53e79be03c34a8665"}
,"/home/tristan/foundry/repos/canvas-embed/clients/common/src/assets/arrow-forward.tsx": {"path":"/home/tristan/foundry/repos/canvas-embed/clients/common/src/assets/arrow-forward.tsx","statementMap":{"0":{"start":{"line":3,"column":28},"end":{"line":18,"column":1}},"1":{"start":{"line":4,"column":2},"end":{"line":17,"column":8}}},"fnMap":{"0":{"name":"(anonymous_0)","decl":{"start":{"line":3,"column":28},"end":{"line":3,"column":29}},"loc":{"start":{"line":4,"column":2},"end":{"line":17,"column":8}},"line":4}},"branchMap":{},"s":{"0":25,"1":1},"f":{"0":1},"b":{},"_coverageSchema":"1a1c01bbd47fc00a2c39e90264f33305004495a9","hash":"31aaad9696b6b6bd03ef360b42689fa9cf085de0"}
,"/home/tristan/foundry/repos/canvas-embed/clients/common/src/assets/calendar.tsx": {"path":"/home/tristan/foundry/repos/canvas-embed/clients/common/src/assets/calendar.tsx","statementMap":{"0":{"start":{"line":9,"column":24},"end":{"line":26,"column":1}},"1":{"start":{"line":10,"column":2},"end":{"line":25,"column":8}}},"fnMap":{"0":{"name":"(anonymous_0)","decl":{"start":{"line":9,"column":24},"end":{"line":9,"column":25}},"loc":{"start":{"line":10,"column":2},"end":{"line":25,"column":8}},"line":10}},"branchMap":{"0":{"loc":{"start":{"line":15,"column":11},"end":{"line":15,"column":22}},"type":"binary-expr","locations":[{"start":{"line":15,"column":11},"end":{"line":15,"column":16}},{"start":{"line":15,"column":20},"end":{"line":15,"column":22}}],"line":15},"1":{"loc":{"start":{"line":16,"column":12},"end":{"line":16,"column":24}},"type":"binary-expr","locations":[{"start":{"line":16,"column":12},"end":{"line":16,"column":18}},{"start":{"line":16,"column":22},"end":{"line":16,"column":24}}],"line":16},"2":{"loc":{"start":{"line":19,"column":10},"end":{"line":19,"column":24}},"type":"binary-expr","locations":[{"start":{"line":19,"column":10},"end":{"line":19,"column":14}},{"start":{"line":19,"column":18},"end":{"line":19,"column":24}}],"line":19}},"s":{"0":25,"1":2},"f":{"0":2},"b":{"0":[2,1],"1":[2,1],"2":[2,1]},"_coverageSchema":"1a1c01bbd47fc00a2c39e90264f33305004495a9","hash":"9ebe1b98f8897c94ebd93fff459f1012b634deac"}
,"/home/tristan/foundry/repos/canvas-embed/clients/common/src/assets/close.tsx": {"path":"/home/tristan/foundry/repos/canvas-embed/clients/common/src/assets/close.tsx","statementMap":{"0":{"start":{"line":3,"column":21},"end":{"line":13,"column":1}},"1":{"start":{"line":4,"column":2},"end":{"line":12,"column":8}}},"fnMap":{"0":{"name":"(anonymous_0)","decl":{"start":{"line":3,"column":21},"end":{"line":3,"column":22}},"loc":{"start":{"line":4,"column":2},"end":{"line":12,"column":8}},"line":4}},"branchMap":{},"s":{"0":25,"1":1},"f":{"0":1},"b":{},"_coverageSchema":"1a1c01bbd47fc00a2c39e90264f33305004495a9","hash":"dd41add0dbc0fc7d8077eee1e08bed568d218156"}
,"/home/tristan/foundry/repos/canvas-embed/clients/common/src/assets/index.ts": {"path":"/home/tristan/foundry/repos/canvas-embed/clients/common/src/assets/index.ts","statementMap":{},"fnMap":{},"branchMap":{},"s":{},"f":{},"b":{},"_coverageSchema":"1a1c01bbd47fc00a2c39e90264f33305004495a9","hash":"c38f1a324ae63f59c994b4723f931c9723a9a203"}
,"/home/tristan/foundry/repos/canvas-embed/clients/common/src/assets/warning.tsx": {"path":"/home/tristan/foundry/repos/canvas-embed/clients/common/src/assets/warning.tsx","statementMap":{"0":{"start":{"line":4,"column":23},"end":{"line":26,"column":1}},"1":{"start":{"line":5,"column":2},"end":{"line":25,"column":8}}},"fnMap":{"0":{"name":"(anonymous_0)","decl":{"start":{"line":4,"column":23},"end":{"line":4,"column":24}},"loc":{"start":{"line":5,"column":2},"end":{"line":25,"column":8}},"line":5}},"branchMap":{},"s":{"0":25,"1":3},"f":{"0":3},"b":{},"_coverageSchema":"1a1c01bbd47fc00a2c39e90264f33305004495a9","hash":"85331aceab842d952e6569aa0398d238d012696a"}
,"/home/tristan/foundry/repos/canvas-embed/clients/common/src/components/index.ts": {"path":"/home/tristan/foundry/repos/canvas-embed/clients/common/src/components/index.ts","statementMap":{},"fnMap":{},"branchMap":{},"s":{},"f":{},"b":{},"_coverageSchema":"1a1c01bbd47fc00a2c39e90264f33305004495a9","hash":"97da07e3a99bc496e050088b4d357ad3d266cded"}
,"/home/tristan/foundry/repos/canvas-embed/clients/common/src/components/backdrop/index.tsx": {"path":"/home/tristan/foundry/repos/canvas-embed/clients/common/src/components/backdrop/index.tsx","statementMap":{"0":{"start":{"line":17,"column":24},"end":{"line":27,"column":1}},"1":{"start":{"line":19,"column":28},"end":{"line":19,"column":75}},"2":{"start":{"line":26,"column":18},"end":{"line":26,"column":34}},"3":{"start":{"line":29,"column":33},"end":{"line":50,"column":1}},"4":{"start":{"line":35,"column":2},"end":{"line":47,"column":3}},"5":{"start":{"line":36,"column":4},"end":{"line":46,"column":5}},"6":{"start":{"line":49,"column":2},"end":{"line":49,"column":13}}},"fnMap":{"0":{"name":"(anonymous_0)","decl":{"start":{"line":19,"column":22},"end":{"line":19,"column":23}},"loc":{"start":{"line":19,"column":28},"end":{"line":19,"column":75}},"line":19},"1":{"name":"(anonymous_1)","decl":{"start":{"line":26,"column":13},"end":{"line":26,"column":14}},"loc":{"start":{"line":26,"column":18},"end":{"line":26,"column":34}},"line":26},"2":{"name":"(anonymous_2)","decl":{"start":{"line":29,"column":33},"end":{"line":29,"column":34}},"loc":{"start":{"line":34,"column":25},"end":{"line":50,"column":1}},"line":34}},"branchMap":{"0":{"loc":{"start":{"line":19,"column":28},"end":{"line":19,"column":75}},"type":"cond-expr","locations":[{"start":{"line":19,"column":42},"end":{"line":19,"column":46}},{"start":{"line":19,"column":49},"end":{"line":19,"column":75}}],"line":19},"1":{"loc":{"start":{"line":26,"column":18},"end":{"line":26,"column":34}},"type":"binary-expr","locations":[{"start":{"line":26,"column":18},"end":{"line":26,"column":26}},{"start":{"line":26,"column":30},"end":{"line":26,"column":34}}],"line":26},"2":{"loc":{"start":{"line":35,"column":2},"end":{"line":47,"column":3}},"type":"if","locations":[{"start":{"line":35,"column":2},"end":{"line":47,"column":3}},{"start":{},"end":{}}],"line":35},"3":{"loc":{"start":{"line":35,"column":6},"end":{"line":35,"column":24}},"type":"binary-expr","locations":[{"start":{"line":35,"column":6},"end":{"line":35,"column":10}},{"start":{"line":35,"column":14},"end":{"line":35,"column":24}}],"line":35}},"s":{"0":25,"1":5,"2":5,"3":25,"4":3,"5":2,"6":1},"f":{"0":5,"1":5,"2":3},"b":{"0":[2,3],"1":[5,3],"2":[2,1],"3":[3,2]},"_coverageSchema":"1a1c01bbd47fc00a2c39e90264f33305004495a9","hash":"ea9770f4bf2d1c630c8b2b629257784d71c9d505"}
,"/home/tristan/foundry/repos/canvas-embed/clients/common/src/components/boxes/index.ts": {"path":"/home/tristan/foundry/repos/canvas-embed/clients/common/src/components/boxes/index.ts","statementMap":{"0":{"start":{"line":20,"column":28},"end":{"line":26,"column":1}},"1":{"start":{"line":23,"column":4},"end":{"line":23,"column":61}},"2":{"start":{"line":28,"column":20},"end":{"line":37,"column":1}},"3":{"start":{"line":39,"column":19},"end":{"line":50,"column":1}},"4":{"start":{"line":40,"column":22},"end":{"line":40,"column":46}},"5":{"start":{"line":42,"column":25},"end":{"line":42,"column":52}},"6":{"start":{"line":43,"column":21},"end":{"line":43,"column":40}},"7":{"start":{"line":44,"column":23},"end":{"line":44,"column":42}},"8":{"start":{"line":45,"column":24},"end":{"line":45,"column":43}},"9":{"start":{"line":46,"column":22},"end":{"line":46,"column":41}},"10":{"start":{"line":47,"column":20},"end":{"line":47,"column":30}},"11":{"start":{"line":49,"column":16},"end":{"line":49,"column":33}},"12":{"start":{"line":52,"column":24},"end":{"line":58,"column":1}},"13":{"start":{"line":53,"column":27},"end":{"line":53,"column":31}},"14":{"start":{"line":60,"column":25},"end":{"line":64,"column":1}},"15":{"start":{"line":61,"column":27},"end":{"line":61,"column":31}}},"fnMap":{"0":{"name":"(anonymous_0)","decl":{"start":{"line":22,"column":17},"end":{"line":22,"column":18}},"loc":{"start":{"line":23,"column":4},"end":{"line":23,"column":61}},"line":23},"1":{"name":"(anonymous_1)","decl":{"start":{"line":40,"column":17},"end":{"line":40,"column":18}},"loc":{"start":{"line":40,"column":22},"end":{"line":40,"column":46}},"line":40},"2":{"name":"(anonymous_2)","decl":{"start":{"line":42,"column":20},"end":{"line":42,"column":21}},"loc":{"start":{"line":42,"column":25},"end":{"line":42,"column":52}},"line":42},"3":{"name":"(anonymous_3)","decl":{"start":{"line":43,"column":16},"end":{"line":43,"column":17}},"loc":{"start":{"line":43,"column":21},"end":{"line":43,"column":40}},"line":43},"4":{"name":"(anonymous_4)","decl":{"start":{"line":44,"column":18},"end":{"line":44,"column":19}},"loc":{"start":{"line":44,"column":23},"end":{"line":44,"column":42}},"line":44},"5":{"name":"(anonymous_5)","decl":{"start":{"line":45,"column":19},"end":{"line":45,"column":20}},"loc":{"start":{"line":45,"column":24},"end":{"line":45,"column":43}},"line":45},"6":{"name":"(anonymous_6)","decl":{"start":{"line":46,"column":17},"end":{"line":46,"column":18}},"loc":{"start":{"line":46,"column":22},"end":{"line":46,"column":41}},"line":46},"7":{"name":"(anonymous_7)","decl":{"start":{"line":47,"column":15},"end":{"line":47,"column":16}},"loc":{"start":{"line":47,"column":20},"end":{"line":47,"column":30}},"line":47},"8":{"name":"(anonymous_8)","decl":{"start":{"line":49,"column":11},"end":{"line":49,"column":12}},"loc":{"start":{"line":49,"column":16},"end":{"line":49,"column":33}},"line":49},"9":{"name":"(anonymous_9)","decl":{"start":{"line":53,"column":22},"end":{"line":53,"column":23}},"loc":{"start":{"line":53,"column":27},"end":{"line":53,"column":31}},"line":53},"10":{"name":"(anonymous_10)","decl":{"start":{"line":61,"column":22},"end":{"line":61,"column":23}},"loc":{"start":{"line":61,"column":27},"end":{"line":61,"column":31}},"line":61}},"branchMap":{"0":{"loc":{"start":{"line":23,"column":4},"end":{"line":23,"column":61}},"type":"cond-expr","locations":[{"start":{"line":23,"column":19},"end":{"line":23,"column":36}},{"start":{"line":23,"column":39},"end":{"line":23,"column":61}}],"line":23},"1":{"loc":{"start":{"line":40,"column":22},"end":{"line":40,"column":46}},"type":"binary-expr","locations":[{"start":{"line":40,"column":22},"end":{"line":40,"column":34}},{"start":{"line":40,"column":38},"end":{"line":40,"column":46}}],"line":40},"2":{"loc":{"start":{"line":42,"column":25},"end":{"line":42,"column":52}},"type":"binary-expr","locations":[{"start":{"line":42,"column":25},"end":{"line":42,"column":40}},{"start":{"line":42,"column":44},"end":{"line":42,"column":52}}],"line":42},"3":{"loc":{"start":{"line":43,"column":21},"end":{"line":43,"column":40}},"type":"binary-expr","locations":[{"start":{"line":43,"column":21},"end":{"line":43,"column":25}},{"start":{"line":43,"column":29},"end":{"line":43,"column":33}},{"start":{"line":43,"column":37},"end":{"line":43,"column":40}}],"line":43},"4":{"loc":{"start":{"line":44,"column":23},"end":{"line":44,"column":42}},"type":"binary-expr","locations":[{"start":{"line":44,"column":23},"end":{"line":44,"column":27}},{"start":{"line":44,"column":31},"end":{"line":44,"column":35}},{"start":{"line":44,"column":39},"end":{"line":44,"column":42}}],"line":44},"5":{"loc":{"start":{"line":45,"column":24},"end":{"line":45,"column":43}},"type":"binary-expr","locations":[{"start":{"line":45,"column":24},"end":{"line":45,"column":28}},{"start":{"line":45,"column":32},"end":{"line":45,"column":36}},{"start":{"line":45,"column":40},"end":{"line":45,"column":43}}],"line":45},"6":{"loc":{"start":{"line":46,"column":22},"end":{"line":46,"column":41}},"type":"binary-expr","locations":[{"start":{"line":46,"column":22},"end":{"line":46,"column":26}},{"start":{"line":46,"column":30},"end":{"line":46,"column":34}},{"start":{"line":46,"column":38},"end":{"line":46,"column":41}}],"line":46},"7":{"loc":{"start":{"line":49,"column":16},"end":{"line":49,"column":33}},"type":"binary-expr","locations":[{"start":{"line":49,"column":16},"end":{"line":49,"column":23}},{"start":{"line":49,"column":27},"end":{"line":49,"column":33}}],"line":49}},"s":{"0":25,"1":1,"2":25,"3":25,"4":11,"5":11,"6":11,"7":11,"8":11,"9":11,"10":11,"11":11,"12":25,"13":1,"14":25,"15":1},"f":{"0":1,"1":11,"2":11,"3":11,"4":11,"5":11,"6":11,"7":11,"8":11,"9":1,"10":1},"b":{"0":[0,1],"1":[11,10],"2":[11,10],"3":[11,6,6],"4":[11,11,11],"5":[11,11,11],"6":[11,11,11],"7":[11,10]},"_coverageSchema":"1a1c01bbd47fc00a2c39e90264f33305004495a9","hash":"4a6625daf7bd4c16ec48d424a46ce66bae4f512d"}
,"/home/tristan/foundry/repos/canvas-embed/clients/common/src/components/buttons/index.ts": {"path":"/home/tristan/foundry/repos/canvas-embed/clients/common/src/components/buttons/index.ts","statementMap":{"0":{"start":{"line":10,"column":22},"end":{"line":36,"column":1}},"1":{"start":{"line":16,"column":27},"end":{"line":16,"column":31}},"2":{"start":{"line":19,"column":16},"end":{"line":19,"column":41}},"3":{"start":{"line":23,"column":21},"end":{"line":23,"column":40}},"4":{"start":{"line":24,"column":23},"end":{"line":24,"column":42}},"5":{"start":{"line":25,"column":24},"end":{"line":25,"column":43}},"6":{"start":{"line":26,"column":22},"end":{"line":26,"column":41}},"7":{"start":{"line":34,"column":29},"end":{"line":34,"column":33}},"8":{"start":{"line":38,"column":27},"end":{"line":46,"column":1}}},"fnMap":{"0":{"name":"(anonymous_0)","decl":{"start":{"line":16,"column":22},"end":{"line":16,"column":23}},"loc":{"start":{"line":16,"column":27},"end":{"line":16,"column":31}},"line":16},"1":{"name":"(anonymous_1)","decl":{"start":{"line":19,"column":11},"end":{"line":19,"column":12}},"loc":{"start":{"line":19,"column":16},"end":{"line":19,"column":41}},"line":19},"2":{"name":"(anonymous_2)","decl":{"start":{"line":23,"column":16},"end":{"line":23,"column":17}},"loc":{"start":{"line":23,"column":21},"end":{"line":23,"column":40}},"line":23},"3":{"name":"(anonymous_3)","decl":{"start":{"line":24,"column":18},"end":{"line":24,"column":19}},"loc":{"start":{"line":24,"column":23},"end":{"line":24,"column":42}},"line":24},"4":{"name":"(anonymous_4)","decl":{"start":{"line":25,"column":19},"end":{"line":25,"column":20}},"loc":{"start":{"line":25,"column":24},"end":{"line":25,"column":43}},"line":25},"5":{"name":"(anonymous_5)","decl":{"start":{"line":26,"column":17},"end":{"line":26,"column":18}},"loc":{"start":{"line":26,"column":22},"end":{"line":26,"column":41}},"line":26},"6":{"name":"(anonymous_6)","decl":{"start":{"line":34,"column":24},"end":{"line":34,"column":25}},"loc":{"start":{"line":34,"column":29},"end":{"line":34,"column":33}},"line":34}},"branchMap":{"0":{"loc":{"start":{"line":19,"column":16},"end":{"line":19,"column":41}},"type":"binary-expr","locations":[{"start":{"line":19,"column":16},"end":{"line":19,"column":20}},{"start":{"line":19,"column":24},"end":{"line":19,"column":41}}],"line":19},"1":{"loc":{"start":{"line":23,"column":21},"end":{"line":23,"column":40}},"type":"binary-expr","locations":[{"start":{"line":23,"column":21},"end":{"line":23,"column":25}},{"start":{"line":23,"column":29},"end":{"line":23,"column":33}},{"start":{"line":23,"column":37},"end":{"line":23,"column":40}}],"line":23},"2":{"loc":{"start":{"line":24,"column":23},"end":{"line":24,"column":42}},"type":"binary-expr","locations":[{"start":{"line":24,"column":23},"end":{"line":24,"column":27}},{"start":{"line":24,"column":31},"end":{"line":24,"column":35}},{"start":{"line":24,"column":39},"end":{"line":24,"column":42}}],"line":24},"3":{"loc":{"start":{"line":25,"column":24},"end":{"line":25,"column":43}},"type":"binary-expr","locations":[{"start":{"line":25,"column":24},"end":{"line":25,"column":28}},{"start":{"line":25,"column":32},"end":{"line":25,"column":36}},{"start":{"line":25,"column":40},"end":{"line":25,"column":43}}],"line":25},"4":{"loc":{"start":{"line":26,"column":22},"end":{"line":26,"column":41}},"type":"binary-expr","locations":[{"start":{"line":26,"column":22},"end":{"line":26,"column":26}},{"start":{"line":26,"column":30},"end":{"line":26,"column":34}},{"start":{"line":26,"column":38},"end":{"line":26,"column":41}}],"line":26}},"s":{"0":25,"1":10,"2":10,"3":10,"4":10,"5":10,"6":10,"7":10,"8":25},"f":{"0":10,"1":10,"2":10,"3":10,"4":10,"5":10,"6":10},"b":{"0":[10,3],"1":[10,10,10],"2":[10,10,10],"3":[10,10,10],"4":[10,10,10]},"_coverageSchema":"1a1c01bbd47fc00a2c39e90264f33305004495a9","hash":"d7ddefc7f05a7a78cd61e3df95132891518c2ef0"}
,"/home/tristan/foundry/repos/canvas-embed/clients/common/src/components/cancellation-display/index.tsx": {"path":"/home/tristan/foundry/repos/canvas-embed/clients/common/src/components/cancellation-display/index.tsx","statementMap":{"0":{"start":{"line":12,"column":35},"end":{"line":40,"column":1}},"1":{"start":{"line":16,"column":2},"end":{"line":39,"column":3}},"2":{"start":{"line":25,"column":25},"end":{"line":25,"column":35}},"3":{"start":{"line":33,"column":25},"end":{"line":33,"column":33}}},"fnMap":{"0":{"name":"(anonymous_0)","decl":{"start":{"line":12,"column":35},"end":{"line":12,"column":36}},"loc":{"start":{"line":15,"column":36},"end":{"line":40,"column":1}},"line":15},"1":{"name":"(anonymous_1)","decl":{"start":{"line":25,"column":19},"end":{"line":25,"column":20}},"loc":{"start":{"line":25,"column":25},"end":{"line":25,"column":35}},"line":25},"2":{"name":"(anonymous_2)","decl":{"start":{"line":33,"column":19},"end":{"line":33,"column":20}},"loc":{"start":{"line":33,"column":25},"end":{"line":33,"column":33}},"line":33}},"branchMap":{},"s":{"0":25,"1":3,"2":1,"3":1},"f":{"0":3,"1":1,"2":1},"b":{},"_coverageSchema":"1a1c01bbd47fc00a2c39e90264f33305004495a9","hash":"c3ceb80aba31a5ee1b5190b217df05eafd8fb04f"}
,"/home/tristan/foundry/repos/canvas-embed/clients/common/src/components/error/index.tsx": {"path":"/home/tristan/foundry/repos/canvas-embed/clients/common/src/components/error/index.tsx","statementMap":{"0":{"start":{"line":11,"column":21},"end":{"line":30,"column":1}},"1":{"start":{"line":12,"column":2},"end":{"line":29,"column":3}},"2":{"start":{"line":22,"column":12},"end":{"line":24,"column":19}}},"fnMap":{"0":{"name":"(anonymous_0)","decl":{"start":{"line":11,"column":21},"end":{"line":11,"column":22}},"loc":{"start":{"line":11,"column":60},"end":{"line":30,"column":1}},"line":11},"1":{"name":"(anonymous_1)","decl":{"start":{"line":21,"column":28},"end":{"line":21,"column":29}},"loc":{"start":{"line":22,"column":12},"end":{"line":24,"column":19}},"line":22}},"branchMap":{"0":{"loc":{"start":{"line":16,"column":9},"end":{"line":26,"column":9}},"type":"cond-expr","locations":[{"start":{"line":17,"column":10},"end":{"line":19,"column":17}},{"start":{"line":21,"column":10},"end":{"line":25,"column":12}}],"line":16}},"s":{"0":25,"1":2,"2":3},"f":{"0":2,"1":3},"b":{"0":[1,1]},"_coverageSchema":"1a1c01bbd47fc00a2c39e90264f33305004495a9","hash":"a016a010a4ebdce1c5ccdc69f82da72c38c697d9"}
,"/home/tristan/foundry/repos/canvas-embed/clients/common/src/components/header/index.tsx": {"path":"/home/tristan/foundry/repos/canvas-embed/clients/common/src/components/header/index.tsx","statementMap":{"0":{"start":{"line":14,"column":22},"end":{"line":29,"column":1}},"1":{"start":{"line":15,"column":2},"end":{"line":28,"column":17}}},"fnMap":{"0":{"name":"(anonymous_0)","decl":{"start":{"line":14,"column":22},"end":{"line":14,"column":23}},"loc":{"start":{"line":15,"column":2},"end":{"line":28,"column":17}},"line":15}},"branchMap":{},"s":{"0":25,"1":1},"f":{"0":1},"b":{},"_coverageSchema":"1a1c01bbd47fc00a2c39e90264f33305004495a9","hash":"796d61e19d5ade8d0cdfb94d8650d7444de57dd0"}
,"/home/tristan/foundry/repos/canvas-embed/clients/common/src/components/header/styles.ts": {"path":"/home/tristan/foundry/repos/canvas-embed/clients/common/src/components/header/styles.ts","statementMap":{"0":{"start":{"line":4,"column":28},"end":{"line":10,"column":1}},"1":{"start":{"line":5,"column":27},"end":{"line":5,"column":31}},"2":{"start":{"line":11,"column":31},"end":{"line":16,"column":1}},"3":{"start":{"line":18,"column":30},"end":{"line":26,"column":1}}},"fnMap":{"0":{"name":"(anonymous_0)","decl":{"start":{"line":5,"column":22},"end":{"line":5,"column":23}},"loc":{"start":{"line":5,"column":27},"end":{"line":5,"column":31}},"line":5}},"branchMap":{},"s":{"0":25,"1":1,"2":25,"3":25},"f":{"0":1},"b":{},"_coverageSchema":"1a1c01bbd47fc00a2c39e90264f33305004495a9","hash":"85a8ba28365ea230acf8b7b6aa8ecc25032f3060"}
,"/home/tristan/foundry/repos/canvas-embed/clients/common/src/components/iconography/index.ts": {"path":"/home/tristan/foundry/repos/canvas-embed/clients/common/src/components/iconography/index.ts","statementMap":{"0":{"start":{"line":9,"column":30},"end":{"line":31,"column":1}},"1":{"start":{"line":14,"column":21},"end":{"line":14,"column":40}},"2":{"start":{"line":15,"column":23},"end":{"line":15,"column":42}},"3":{"start":{"line":16,"column":24},"end":{"line":16,"column":43}},"4":{"start":{"line":17,"column":22},"end":{"line":17,"column":41}},"5":{"start":{"line":23,"column":19},"end":{"line":23,"column":23}},"6":{"start":{"line":28,"column":21},"end":{"line":28,"column":25}},"7":{"start":{"line":33,"column":26},"end":{"line":60,"column":1}},"8":{"start":{"line":40,"column":21},"end":{"line":40,"column":40}},"9":{"start":{"line":41,"column":23},"end":{"line":41,"column":42}},"10":{"start":{"line":42,"column":24},"end":{"line":42,"column":43}},"11":{"start":{"line":43,"column":22},"end":{"line":43,"column":41}},"12":{"start":{"line":48,"column":19},"end":{"line":48,"column":23}},"13":{"start":{"line":52,"column":21},"end":{"line":52,"column":25}}},"fnMap":{"0":{"name":"(anonymous_0)","decl":{"start":{"line":14,"column":16},"end":{"line":14,"column":17}},"loc":{"start":{"line":14,"column":21},"end":{"line":14,"column":40}},"line":14},"1":{"name":"(anonymous_1)","decl":{"start":{"line":15,"column":18},"end":{"line":15,"column":19}},"loc":{"start":{"line":15,"column":23},"end":{"line":15,"column":42}},"line":15},"2":{"name":"(anonymous_2)","decl":{"start":{"line":16,"column":19},"end":{"line":16,"column":20}},"loc":{"start":{"line":16,"column":24},"end":{"line":16,"column":43}},"line":16},"3":{"name":"(anonymous_3)","decl":{"start":{"line":17,"column":17},"end":{"line":17,"column":18}},"loc":{"start":{"line":17,"column":22},"end":{"line":17,"column":41}},"line":17},"4":{"name":"(anonymous_4)","decl":{"start":{"line":23,"column":14},"end":{"line":23,"column":15}},"loc":{"start":{"line":23,"column":19},"end":{"line":23,"column":23}},"line":23},"5":{"name":"(anonymous_5)","decl":{"start":{"line":28,"column":16},"end":{"line":28,"column":17}},"loc":{"start":{"line":28,"column":21},"end":{"line":28,"column":25}},"line":28},"6":{"name":"(anonymous_6)","decl":{"start":{"line":40,"column":16},"end":{"line":40,"column":17}},"loc":{"start":{"line":40,"column":21},"end":{"line":40,"column":40}},"line":40},"7":{"name":"(anonymous_7)","decl":{"start":{"line":41,"column":18},"end":{"line":41,"column":19}},"loc":{"start":{"line":41,"column":23},"end":{"line":41,"column":42}},"line":41},"8":{"name":"(anonymous_8)","decl":{"start":{"line":42,"column":19},"end":{"line":42,"column":20}},"loc":{"start":{"line":42,"column":24},"end":{"line":42,"column":43}},"line":42},"9":{"name":"(anonymous_9)","decl":{"start":{"line":43,"column":17},"end":{"line":43,"column":18}},"loc":{"start":{"line":43,"column":22},"end":{"line":43,"column":41}},"line":43},"10":{"name":"(anonymous_10)","decl":{"start":{"line":48,"column":14},"end":{"line":48,"column":15}},"loc":{"start":{"line":48,"column":19},"end":{"line":48,"column":23}},"line":48},"11":{"name":"(anonymous_11)","decl":{"start":{"line":52,"column":16},"end":{"line":52,"column":17}},"loc":{"start":{"line":52,"column":21},"end":{"line":52,"column":25}},"line":52}},"branchMap":{"0":{"loc":{"start":{"line":14,"column":21},"end":{"line":14,"column":40}},"type":"binary-expr","locations":[{"start":{"line":14,"column":21},"end":{"line":14,"column":25}},{"start":{"line":14,"column":29},"end":{"line":14,"column":33}},{"start":{"line":14,"column":37},"end":{"line":14,"column":40}}],"line":14},"1":{"loc":{"start":{"line":15,"column":23},"end":{"line":15,"column":42}},"type":"binary-expr","locations":[{"start":{"line":15,"column":23},"end":{"line":15,"column":27}},{"start":{"line":15,"column":31},"end":{"line":15,"column":35}},{"start":{"line":15,"column":39},"end":{"line":15,"column":42}}],"line":15},"2":{"loc":{"start":{"line":16,"column":24},"end":{"line":16,"column":43}},"type":"binary-expr","locations":[{"start":{"line":16,"column":24},"end":{"line":16,"column":28}},{"start":{"line":16,"column":32},"end":{"line":16,"column":36}},{"start":{"line":16,"column":40},"end":{"line":16,"column":43}}],"line":16},"3":{"loc":{"start":{"line":17,"column":22},"end":{"line":17,"column":41}},"type":"binary-expr","locations":[{"start":{"line":17,"column":22},"end":{"line":17,"column":26}},{"start":{"line":17,"column":30},"end":{"line":17,"column":34}},{"start":{"line":17,"column":38},"end":{"line":17,"column":41}}],"line":17},"4":{"loc":{"start":{"line":40,"column":21},"end":{"line":40,"column":40}},"type":"binary-expr","locations":[{"start":{"line":40,"column":21},"end":{"line":40,"column":25}},{"start":{"line":40,"column":29},"end":{"line":40,"column":33}},{"start":{"line":40,"column":37},"end":{"line":40,"column":40}}],"line":40},"5":{"loc":{"start":{"line":41,"column":23},"end":{"line":41,"column":42}},"type":"binary-expr","locations":[{"start":{"line":41,"column":23},"end":{"line":41,"column":27}},{"start":{"line":41,"column":31},"end":{"line":41,"column":35}},{"start":{"line":41,"column":39},"end":{"line":41,"column":42}}],"line":41},"6":{"loc":{"start":{"line":42,"column":24},"end":{"line":42,"column":43}},"type":"binary-expr","locations":[{"start":{"line":42,"column":24},"end":{"line":42,"column":28}},{"start":{"line":42,"column":32},"end":{"line":42,"column":36}},{"start":{"line":42,"column":40},"end":{"line":42,"column":43}}],"line":42},"7":{"loc":{"start":{"line":43,"column":22},"end":{"line":43,"column":41}},"type":"binary-expr","locations":[{"start":{"line":43,"column":22},"end":{"line":43,"column":26}},{"start":{"line":43,"column":30},"end":{"line":43,"column":34}},{"start":{"line":43,"column":38},"end":{"line":43,"column":41}}],"line":43}},"s":{"0":25,"1":3,"2":3,"3":3,"4":3,"5":3,"6":3,"7":25,"8":3,"9":3,"10":3,"11":3,"12":3,"13":3},"f":{"0":3,"1":3,"2":3,"3":3,"4":3,"5":3,"6":3,"7":3,"8":3,"9":3,"10":3,"11":3},"b":{"0":[3,3,3],"1":[3,3,3],"2":[3,3,3],"3":[3,3,3],"4":[3,3,3],"5":[3,3,3],"6":[3,3,3],"7":[3,3,3]},"_coverageSchema":"1a1c01bbd47fc00a2c39e90264f33305004495a9","hash":"b47e5939542f7a096332b7f6d5a015ddcab33286"}
,"/home/tristan/foundry/repos/canvas-embed/clients/common/src/components/loader/index.tsx": {"path":"/home/tristan/foundry/repos/canvas-embed/clients/common/src/components/loader/index.tsx","statementMap":{"0":{"start":{"line":16,"column":15},"end":{"line":24,"column":1}},"1":{"start":{"line":26,"column":16},"end":{"line":37,"column":1}},"2":{"start":{"line":29,"column":27},"end":{"line":29,"column":40}},"3":{"start":{"line":30,"column":30},"end":{"line":30,"column":41}},"4":{"start":{"line":39,"column":22},"end":{"line":45,"column":1}},"5":{"start":{"line":40,"column":2},"end":{"line":44,"column":13}}},"fnMap":{"0":{"name":"(anonymous_0)","decl":{"start":{"line":29,"column":22},"end":{"line":29,"column":23}},"loc":{"start":{"line":29,"column":27},"end":{"line":29,"column":40}},"line":29},"1":{"name":"(anonymous_1)","decl":{"start":{"line":30,"column":25},"end":{"line":30,"column":26}},"loc":{"start":{"line":30,"column":30},"end":{"line":30,"column":41}},"line":30},"2":{"name":"(anonymous_2)","decl":{"start":{"line":39,"column":22},"end":{"line":39,"column":23}},"loc":{"start":{"line":40,"column":2},"end":{"line":44,"column":13}},"line":40}},"branchMap":{},"s":{"0":25,"1":25,"2":1,"3":1,"4":25,"5":1},"f":{"0":1,"1":1,"2":1},"b":{},"_coverageSchema":"1a1c01bbd47fc00a2c39e90264f33305004495a9","hash":"a2ac5ffec0e5556658ff9f51e35d590682f9e254"}
,"/home/tristan/foundry/repos/canvas-embed/clients/common/src/components/popover/index.tsx": {"path":"/home/tristan/foundry/repos/canvas-embed/clients/common/src/components/popover/index.tsx","statementMap":{"0":{"start":{"line":5,"column":25},"end":{"line":14,"column":1}},"1":{"start":{"line":23,"column":23},"end":{"line":34,"column":1}},"2":{"start":{"line":29,"column":2},"end":{"line":33,"column":3}}},"fnMap":{"0":{"name":"(anonymous_0)","decl":{"start":{"line":23,"column":23},"end":{"line":23,"column":24}},"loc":{"start":{"line":28,"column":24},"end":{"line":34,"column":1}},"line":28}},"branchMap":{},"s":{"0":25,"1":25,"2":1},"f":{"0":1},"b":{},"_coverageSchema":"1a1c01bbd47fc00a2c39e90264f33305004495a9","hash":"95875277a12854facb9db48549a47f045a728fe0"}
,"/home/tristan/foundry/repos/canvas-embed/clients/common/src/components/typograhpy/index.ts": {"path":"/home/tristan/foundry/repos/canvas-embed/clients/common/src/components/typograhpy/index.ts","statementMap":{"0":{"start":{"line":8,"column":18},"end":{"line":14,"column":1}},"1":{"start":{"line":9,"column":16},"end":{"line":9,"column":20}},"2":{"start":{"line":16,"column":18},"end":{"line":20,"column":1}},"3":{"start":{"line":17,"column":16},"end":{"line":17,"column":20}},"4":{"start":{"line":22,"column":18},"end":{"line":25,"column":1}},"5":{"start":{"line":27,"column":22},"end":{"line":33,"column":1}},"6":{"start":{"line":35,"column":20},"end":{"line":39,"column":1}},"7":{"start":{"line":36,"column":16},"end":{"line":36,"column":42}},"8":{"start":{"line":37,"column":20},"end":{"line":37,"column":40}},"9":{"start":{"line":41,"column":32},"end":{"line":48,"column":1}}},"fnMap":{"0":{"name":"(anonymous_0)","decl":{"start":{"line":9,"column":11},"end":{"line":9,"column":12}},"loc":{"start":{"line":9,"column":16},"end":{"line":9,"column":20}},"line":9},"1":{"name":"(anonymous_1)","decl":{"start":{"line":17,"column":11},"end":{"line":17,"column":12}},"loc":{"start":{"line":17,"column":16},"end":{"line":17,"column":20}},"line":17},"2":{"name":"(anonymous_2)","decl":{"start":{"line":36,"column":11},"end":{"line":36,"column":12}},"loc":{"start":{"line":36,"column":16},"end":{"line":36,"column":42}},"line":36},"3":{"name":"(anonymous_3)","decl":{"start":{"line":37,"column":15},"end":{"line":37,"column":16}},"loc":{"start":{"line":37,"column":20},"end":{"line":37,"column":40}},"line":37}},"branchMap":{"0":{"loc":{"start":{"line":36,"column":16},"end":{"line":36,"column":42}},"type":"binary-expr","locations":[{"start":{"line":36,"column":16},"end":{"line":36,"column":20}},{"start":{"line":36,"column":24},"end":{"line":36,"column":42}}],"line":36},"1":{"loc":{"start":{"line":37,"column":20},"end":{"line":37,"column":40}},"type":"binary-expr","locations":[{"start":{"line":37,"column":20},"end":{"line":37,"column":30}},{"start":{"line":37,"column":34},"end":{"line":37,"column":40}}],"line":37}},"s":{"0":25,"1":3,"2":25,"3":5,"4":25,"5":25,"6":25,"7":6,"8":6,"9":25},"f":{"0":3,"1":5,"2":6,"3":6},"b":{"0":[6,1],"1":[6,1]},"_coverageSchema":"1a1c01bbd47fc00a2c39e90264f33305004495a9","hash":"05bc32863fe3ed8e7f1e1e44cfd35c6472bca2e9"}
,"/home/tristan/foundry/repos/canvas-embed/clients/common/src/utils/index.ts": {"path":"/home/tristan/foundry/repos/canvas-embed/clients/common/src/utils/index.ts","statementMap":{},"fnMap":{},"branchMap":{},"s":{},"f":{},"b":{},"_coverageSchema":"1a1c01bbd47fc00a2c39e90264f33305004495a9","hash":"fc253ecd6a5bdebf9784d34cf1b344d0be92be56"}
,"/home/tristan/foundry/repos/canvas-embed/clients/common/src/utils/constants/appointments.ts": {"path":"/home/tristan/foundry/repos/canvas-embed/clients/common/src/utils/constants/appointments.ts","statementMap":{"0":{"start":{"line":1,"column":38},"end":{"line":4,"column":1}},"1":{"start":{"line":6,"column":32},"end":{"line":24,"column":1}},"2":{"start":{"line":26,"column":24},"end":{"line":29,"column":1}}},"fnMap":{},"branchMap":{},"s":{"0":25,"1":25,"2":25},"f":{},"b":{},"_coverageSchema":"1a1c01bbd47fc00a2c39e90264f33305004495a9","hash":"7a74c3e0064b712c426e9f1d009ec3a9873ed6eb"}
,"/home/tristan/foundry/repos/canvas-embed/clients/common/src/utils/constants/index.ts": {"path":"/home/tristan/foundry/repos/canvas-embed/clients/common/src/utils/constants/index.ts","statementMap":{},"fnMap":{},"branchMap":{},"s":{},"f":{},"b":{},"_coverageSchema":"1a1c01bbd47fc00a2c39e90264f33305004495a9","hash":"113c8d06244ee46e7248c9c597e3b57f66298b41"}
,"/home/tristan/foundry/repos/canvas-embed/clients/common/src/utils/dates/format.ts": {"path":"/home/tristan/foundry/repos/canvas-embed/clients/common/src/utils/dates/format.ts","statementMap":{"0":{"start":{"line":2,"column":15},"end":{"line":2,"column":33}},"1":{"start":{"line":3,"column":2},"end":{"line":3,"column":76}},"2":{"start":{"line":6,"column":26},"end":{"line":9,"column":1}},"3":{"start":{"line":7,"column":20},"end":{"line":7,"column":50}},"4":{"start":{"line":8,"column":2},"end":{"line":8,"column":59}},"5":{"start":{"line":11,"column":32},"end":{"line":13,"column":1}},"6":{"start":{"line":12,"column":2},"end":{"line":12,"column":40}},"7":{"start":{"line":15,"column":27},"end":{"line":17,"column":1}},"8":{"start":{"line":16,"column":2},"end":{"line":16,"column":43}}},"fnMap":{"0":{"name":"formatTime","decl":{"start":{"line":1,"column":16},"end":{"line":1,"column":26}},"loc":{"start":{"line":1,"column":52},"end":{"line":4,"column":1}},"line":1},"1":{"name":"(anonymous_1)","decl":{"start":{"line":6,"column":26},"end":{"line":6,"column":27}},"loc":{"start":{"line":6,"column":42},"end":{"line":9,"column":1}},"line":6},"2":{"name":"(anonymous_2)","decl":{"start":{"line":11,"column":32},"end":{"line":11,"column":33}},"loc":{"start":{"line":11,"column":48},"end":{"line":13,"column":1}},"line":11},"3":{"name":"(anonymous_3)","decl":{"start":{"line":15,"column":27},"end":{"line":15,"column":28}},"loc":{"start":{"line":15,"column":51},"end":{"line":17,"column":1}},"line":15}},"branchMap":{},"s":{"0":1,"1":1,"2":25,"3":1,"4":1,"5":25,"6":5,"7":25,"8":33},"f":{"0":1,"1":1,"2":5,"3":33},"b":{},"_coverageSchema":"1a1c01bbd47fc00a2c39e90264f33305004495a9","hash":"e91de7fe2a51ca7933871fac4d5be440e2a6e9a1"}
,"/home/tristan/foundry/repos/canvas-embed/clients/common/src/utils/dates/functions.ts": {"path":"/home/tristan/foundry/repos/canvas-embed/clients/common/src/utils/dates/functions.ts","statementMap":{"0":{"start":{"line":4,"column":25},"end":{"line":9,"column":1}},"1":{"start":{"line":5,"column":2},"end":{"line":8,"column":3}},"2":{"start":{"line":11,"column":34},"end":{"line":13,"column":1}},"3":{"start":{"line":12,"column":2},"end":{"line":12,"column":42}}},"fnMap":{"0":{"name":"(anonymous_0)","decl":{"start":{"line":4,"column":25},"end":{"line":4,"column":26}},"loc":{"start":{"line":4,"column":65},"end":{"line":9,"column":1}},"line":4},"1":{"name":"(anonymous_1)","decl":{"start":{"line":11,"column":34},"end":{"line":11,"column":35}},"loc":{"start":{"line":11,"column":60},"end":{"line":13,"column":1}},"line":11}},"branchMap":{},"s":{"0":25,"1":2,"2":25,"3":10},"f":{"0":2,"1":10},"b":{},"_coverageSchema":"1a1c01bbd47fc00a2c39e90264f33305004495a9","hash":"5c7577c2d2af3e32590c376eac1b2dd9a170f5d3"}
,"/home/tristan/foundry/repos/canvas-embed/clients/common/src/utils/dates/index.ts": {"path":"/home/tristan/foundry/repos/canvas-embed/clients/common/src/utils/dates/index.ts","statementMap":{},"fnMap":{},"branchMap":{},"s":{},"f":{},"b":{},"_coverageSchema":"1a1c01bbd47fc00a2c39e90264f33305004495a9","hash":"334745900a57b9215f667c6202006adeeed77da6"}
,"/home/tristan/foundry/repos/canvas-embed/clients/common/src/utils/functions/index.ts": {"path":"/home/tristan/foundry/repos/canvas-embed/clients/common/src/utils/functions/index.ts","statementMap":{"0":{"start":{"line":3,"column":34},"end":{"line":12,"column":1}},"1":{"start":{"line":4,"column":2},"end":{"line":11,"column":3}},"2":{"start":{"line":5,"column":4},"end":{"line":8,"column":5}},"3":{"start":{"line":6,"column":36},"end":{"line":6,"column":54}},"4":{"start":{"line":10,"column":4},"end":{"line":10,"column":38}}},"fnMap":{"0":{"name":"(anonymous_0)","decl":{"start":{"line":3,"column":34},"end":{"line":3,"column":35}},"loc":{"start":{"line":3,"column":59},"end":{"line":12,"column":1}},"line":3},"1":{"name":"(anonymous_1)","decl":{"start":{"line":6,"column":28},"end":{"line":6,"column":29}},"loc":{"start":{"line":6,"column":36},"end":{"line":6,"column":54}},"line":6}},"branchMap":{"0":{"loc":{"start":{"line":4,"column":2},"end":{"line":11,"column":3}},"type":"if","locations":[{"start":{"line":4,"column":2},"end":{"line":11,"column":3}},{"start":{"line":9,"column":9},"end":{"line":11,"column":3}}],"line":4},"1":{"loc":{"start":{"line":6,"column":6},"end":{"line":7,"column":33}},"type":"binary-expr","locations":[{"start":{"line":6,"column":6},"end":{"line":6,"column":61}},{"start":{"line":7,"column":6},"end":{"line":7,"column":33}}],"line":6}},"s":{"0":25,"1":3,"2":2,"3":6,"4":1},"f":{"0":3,"1":6},"b":{"0":[2,1],"1":[2,1]},"_coverageSchema":"1a1c01bbd47fc00a2c39e90264f33305004495a9","hash":"1a15a4d6cb59f700031638df7e1f79fd1bbf7221"}
,"/home/tristan/foundry/repos/canvas-embed/clients/common/src/utils/styles/colors.ts": {"path":"/home/tristan/foundry/repos/canvas-embed/clients/common/src/utils/styles/colors.ts","statementMap":{"0":{"start":{"line":3,"column":29},"end":{"line":8,"column":1}},"1":{"start":{"line":10,"column":22},"end":{"line":33,"column":1}}},"fnMap":{},"branchMap":{},"s":{"0":25,"1":25},"f":{},"b":{},"_coverageSchema":"1a1c01bbd47fc00a2c39e90264f33305004495a9","hash":"8b49947e017d4b904bd2899937928e3baebfb16b"}
,"/home/tristan/foundry/repos/canvas-embed/clients/common/src/utils/styles/functions.ts": {"path":"/home/tristan/foundry/repos/canvas-embed/clients/common/src/utils/styles/functions.ts","statementMap":{"0":{"start":{"line":5,"column":34},"end":{"line":7,"column":1}},"1":{"start":{"line":6,"column":2},"end":{"line":6,"column":55}},"2":{"start":{"line":9,"column":39},"end":{"line":11,"column":1}},"3":{"start":{"line":10,"column":2},"end":{"line":10,"column":48}},"4":{"start":{"line":13,"column":34},"end":{"line":15,"column":1}},"5":{"start":{"line":14,"column":2},"end":{"line":14,"column":50}},"6":{"start":{"line":17,"column":30},"end":{"line":37,"column":1}},"7":{"start":{"line":21,"column":16},"end":{"line":21,"column":49}},"8":{"start":{"line":22,"column":17},"end":{"line":22,"column":51}},"9":{"start":{"line":24,"column":2},"end":{"line":36,"column":3}}},"fnMap":{"0":{"name":"(anonymous_0)","decl":{"start":{"line":5,"column":34},"end":{"line":5,"column":35}},"loc":{"start":{"line":5,"column":61},"end":{"line":7,"column":1}},"line":5},"1":{"name":"(anonymous_1)","decl":{"start":{"line":9,"column":39},"end":{"line":9,"column":40}},"loc":{"start":{"line":9,"column":66},"end":{"line":11,"column":1}},"line":9},"2":{"name":"(anonymous_2)","decl":{"start":{"line":13,"column":34},"end":{"line":13,"column":35}},"loc":{"start":{"line":13,"column":61},"end":{"line":15,"column":1}},"line":13},"3":{"name":"(anonymous_3)","decl":{"start":{"line":17,"column":30},"end":{"line":17,"column":31}},"loc":{"start":{"line":20,"column":26},"end":{"line":37,"column":1}},"line":20}},"branchMap":{"0":{"loc":{"start":{"line":6,"column":9},"end":{"line":6,"column":55}},"type":"cond-expr","locations":[{"start":{"line":6,"column":34},"end":{"line":6,"column":43}},{"start":{"line":6,"column":46},"end":{"line":6,"column":55}}],"line":6},"1":{"loc":{"start":{"line":21,"column":16},"end":{"line":21,"column":49}},"type":"binary-expr","locations":[{"start":{"line":21,"column":16},"end":{"line":21,"column":26}},{"start":{"line":21,"column":30},"end":{"line":21,"column":49}}],"line":21},"2":{"loc":{"start":{"line":22,"column":17},"end":{"line":22,"column":51}},"type":"binary-expr","locations":[{"start":{"line":22,"column":17},"end":{"line":22,"column":28}},{"start":{"line":22,"column":32},"end":{"line":22,"column":51}}],"line":22}},"s":{"0":25,"1":85,"2":25,"3":5,"4":25,"5":84,"6":25,"7":4,"8":4,"9":4},"f":{"0":85,"1":5,"2":84,"3":4},"b":{"0":[26,59],"1":[4,1],"2":[4,1]},"_coverageSchema":"1a1c01bbd47fc00a2c39e90264f33305004495a9","hash":"8127ec9469ef3fdc33ea5bb673bc28f1dc4bf262"}
,"/home/tristan/foundry/repos/canvas-embed/clients/common/src/utils/styles/index.ts": {"path":"/home/tristan/foundry/repos/canvas-embed/clients/common/src/utils/styles/index.ts","statementMap":{},"fnMap":{},"branchMap":{},"s":{},"f":{},"b":{},"_coverageSchema":"1a1c01bbd47fc00a2c39e90264f33305004495a9","hash":"deda0a8213d8c04e8fe6914b0716429444b4763e"}
,"/home/tristan/foundry/repos/canvas-embed/clients/common/src/utils/styles/size.ts": {"path":"/home/tristan/foundry/repos/canvas-embed/clients/common/src/utils/styles/size.ts","statementMap":{"0":{"start":{"line":1,"column":24},"end":{"line":1,"column":31}},"1":{"start":{"line":2,"column":24},"end":{"line":2,"column":31}}},"fnMap":{},"branchMap":{},"s":{"0":25,"1":25},"f":{},"b":{},"_coverageSchema":"1a1c01bbd47fc00a2c39e90264f33305004495a9","hash":"d611830839d2f69d9c6bad0f40ddebe953034829"}
,"/home/tristan/foundry/repos/canvas-embed/clients/common/src/utils/styles/types.ts": {"path":"/home/tristan/foundry/repos/canvas-embed/clients/common/src/utils/styles/types.ts","statementMap":{},"fnMap":{},"branchMap":{},"s":{},"f":{},"b":{},"_coverageSchema":"1a1c01bbd47fc00a2c39e90264f33305004495a9","hash":"a77762cf6a30ccb265ecb63b3c35f666fc30bc58"}
,"/home/tristan/foundry/repos/canvas-embed/clients/common/src/utils/types/application.ts": {"path":"/home/tristan/foundry/repos/canvas-embed/clients/common/src/utils/types/application.ts","statementMap":{},"fnMap":{},"branchMap":{},"s":{},"f":{},"b":{},"_coverageSchema":"1a1c01bbd47fc00a2c39e90264f33305004495a9","hash":"b27d7f57d21b0b344da923a7c8996fc70214e826"}
,"/home/tristan/foundry/repos/canvas-embed/clients/common/src/utils/types/index.ts": {"path":"/home/tristan/foundry/repos/canvas-embed/clients/common/src/utils/types/index.ts","statementMap":{},"fnMap":{},"branchMap":{},"s":{},"f":{},"b":{},"_coverageSchema":"1a1c01bbd47fc00a2c39e90264f33305004495a9","hash":"e7e4a5bcf9ea2f1faf16a5e723c1236e3bc33eb8"}
}
