TN:
SF:src/delaractions.d.ts
FNF:0
FNH:0
LF:0
LH:0
BRF:0
BRH:0
end_of_record
TN:
SF:src/index.ts
FNF:0
FNH:0
LF:0
LH:0
BRF:0
BRH:0
end_of_record
TN:
SF:src/api/index.ts
FNF:0
FNH:0
LF:0
LH:0
BRF:0
BRH:0
end_of_record
TN:
SF:src/api/types.ts
FNF:0
FNH:0
LF:0
LH:0
BRF:0
BRH:0
end_of_record
TN:
SF:src/api/construct-body/index.ts
FN:4,(anonymous_0)
FNF:1
FNH:1
FNDA:6,(anonymous_0)
DA:4,25
DA:12,6
DA:50,6
LF:3
LH:3
BRDA:19,0,0,6
BRDA:19,0,1,1
BRF:2
BRH:2
end_of_record
TN:
SF:src/api/construct-body/types.ts
FNF:0
FNH:0
LF:0
LH:0
BRF:0
BRH:0
end_of_record
TN:
SF:src/api/get-appointment/index.ts
FN:6,(anonymous_0)
FN:13,(anonymous_1)
FN:29,(anonymous_2)
FN:49,(anonymous_3)
FN:58,(anonymous_4)
FNF:5
FNH:5
FNDA:3,(anonymous_0)
FNDA:5,(anonymous_1)
FNDA:1,(anonymous_2)
FNDA:1,(anonymous_3)
FNDA:1,(anonymous_4)
DA:6,25
DA:13,3
DA:14,5
DA:20,2
DA:21,1
DA:22,1
DA:24,1
DA:25,1
DA:29,25
DA:39,1
DA:40,1
DA:50,1
DA:58,1
LF:13
LH:13
BRDA:15,0,0,5
BRDA:15,0,1,1
BRDA:20,1,0,1
BRDA:20,1,1,1
BRF:4
BRH:4
end_of_record
TN:
SF:src/api/get-appointment/types.ts
FNF:0
FNH:0
LF:0
LH:0
BRF:0
BRH:0
end_of_record
TN:
SF:src/api/get-appointments-list/index.ts
FN:10,(anonymous_0)
FN:25,(anonymous_1)
FN:27,(anonymous_2)
FN:44,(anonymous_3)
FN:48,(anonymous_4)
FN:79,(anonymous_5)
FN:94,(anonymous_6)
FN:104,(anonymous_7)
FN:109,(anonymous_8)
FN:121,(anonymous_9)
FN:131,(anonymous_10)
FN:143,(anonymous_11)
FNF:12
FNH:12
FNDA:5,(anonymous_0)
FNDA:3,(anonymous_1)
FNDA:3,(anonymous_2)
FNDA:3,(anonymous_3)
FNDA:3,(anonymous_4)
FNDA:2,(anonymous_5)
FNDA:2,(anonymous_6)
FNDA:2,(anonymous_7)
FNDA:1,(anonymous_8)
FNDA:1,(anonymous_9)
FNDA:1,(anonymous_10)
FNDA:1,(anonymous_11)
DA:10,25
DA:21,5
DA:22,5
DA:24,5
DA:25,3
DA:26,3
DA:27,1
DA:28,3
DA:29,2
DA:43,2
DA:44,1
DA:45,3
DA:47,2
DA:48,3
DA:51,2
DA:62,2
DA:67,4
DA:68,4
DA:79,25
DA:90,2
DA:92,2
DA:93,1
DA:95,2
DA:105,2
DA:110,1
DA:121,1
DA:123,1
DA:132,1
DA:143,1
LF:29
LH:29
BRDA:24,0,0,3
BRDA:24,0,1,2
BRDA:26,1,0,1
BRDA:26,1,1,1
BRDA:28,2,0,2
BRDA:28,2,1,1
BRDA:31,3,0,2
BRDA:31,3,1,1
BRDA:32,4,0,2
BRDA:32,4,1,1
BRDA:34,5,0,2
BRDA:34,5,1,1
BRDA:43,6,0,1
BRDA:43,6,1,1
BRDA:43,7,0,2
BRDA:43,7,1,1
BRDA:45,8,0,2
BRDA:45,8,1,1
BRDA:47,9,0,2
BRDA:47,9,1,1
BRDA:53,10,0,2
BRDA:53,10,1,1
BRDA:54,11,0,2
BRDA:54,11,1,1
BRDA:56,12,0,2
BRDA:56,12,1,1
BRDA:92,13,0,1
BRDA:92,13,1,1
BRF:28
BRH:28
end_of_record
TN:
SF:src/api/get-appointments-list/types.ts
FNF:0
FNH:0
LF:0
LH:0
BRF:0
BRH:0
end_of_record
TN:
SF:src/api/get-practitioners/index.ts
FN:9,(anonymous_0)
FN:18,(anonymous_1)
FN:19,(anonymous_2)
FN:22,(anonymous_3)
FN:33,(anonymous_4)
FN:51,(anonymous_5)
FN:59,(anonymous_6)
FNF:7
FNH:7
FNDA:8,(anonymous_0)
FNDA:5,(anonymous_1)
FNDA:3,(anonymous_2)
FNDA:6,(anonymous_3)
FNDA:7,(anonymous_4)
FNDA:5,(anonymous_5)
FNDA:6,(anonymous_6)
DA:9,26
DA:15,8
DA:17,8
DA:18,2
DA:19,5
DA:20,4
DA:22,6
DA:29,3
DA:30,3
DA:33,26
DA:42,7
DA:44,7
DA:52,5
DA:59,6
LF:14
LH:14
BRDA:17,0,0,2
BRDA:17,0,1,1
BRDA:19,1,0,4
BRDA:19,1,1,1
BRF:4
BRH:4
end_of_record
TN:
SF:src/api/get-practitioners/types.ts
FNF:0
FNH:0
LF:0
LH:0
BRF:0
BRH:0
end_of_record
TN:
SF:src/api/get-slots/index.ts
FN:12,(anonymous_0)
FN:24,(anonymous_1)
FN:52,(anonymous_2)
FN:69,(anonymous_3)
FN:82,(anonymous_4)
FN:87,(anonymous_5)
FN:100,(anonymous_6)
FNF:7
FNH:7
FNDA:2,(anonymous_0)
FNDA:3,(anonymous_1)
FNDA:2,(anonymous_2)
FNDA:4,(anonymous_3)
FNDA:2,(anonymous_4)
FNDA:1,(anonymous_5)
FNDA:1,(anonymous_6)
DA:10,25
DA:12,25
DA:23,2
DA:24,2
DA:25,3
DA:26,3
DA:27,3
DA:28,2
DA:29,2
DA:34,0
DA:37,3
DA:39,2
DA:41,2
DA:52,25
DA:66,2
DA:68,2
DA:70,4
DA:71,4
DA:83,2
DA:88,1
DA:100,1
LF:21
LH:20
BRDA:26,0,0,3
BRDA:26,0,1,2
BRDA:28,1,0,2
BRDA:28,1,1,0
BRDA:83,2,0,2
BRDA:83,2,1,2
BRF:6
BRH:5
end_of_record
TN:
SF:src/api/get-slots/types.ts
FNF:0
FNH:0
LF:0
LH:0
BRF:0
BRH:0
end_of_record
TN:
SF:src/api/post-appointment/index.ts
FN:6,(anonymous_0)
FN:35,(anonymous_1)
FN:39,(anonymous_2)
FNF:3
FNH:3
FNDA:2,(anonymous_0)
FNDA:1,(anonymous_1)
FNDA:1,(anonymous_2)
DA:6,25
DA:18,2
DA:19,2
DA:28,2
DA:36,1
DA:37,1
DA:39,1
LF:7
LH:7
BRF:0
BRH:0
end_of_record
TN:
SF:src/api/post-appointment/types.ts
FNF:0
FNH:0
LF:0
LH:0
BRF:0
BRH:0
end_of_record
TN:
SF:src/api/put-appointment/index.ts
FN:6,(anonymous_0)
FN:34,(anonymous_1)
FN:38,(anonymous_2)
FNF:3
FNH:3
FNDA:2,(anonymous_0)
FNDA:1,(anonymous_1)
FNDA:1,(anonymous_2)
DA:6,25
DA:18,2
DA:19,2
DA:27,2
DA:35,1
DA:36,1
DA:38,1
LF:7
LH:7
BRF:0
BRH:0
end_of_record
TN:
SF:src/api/put-appointment/types.ts
FNF:0
FNH:0
LF:0
LH:0
BRF:0
BRH:0
end_of_record
TN:
SF:src/assets/arrow-back.tsx
FN:3,(anonymous_0)
FNF:1
FNH:1
FNDA:7,(anonymous_0)
DA:3,25
DA:4,7
LF:2
LH:2
BRF:0
BRH:0
end_of_record
TN:
SF:src/assets/arrow-forward.tsx
FN:3,(anonymous_0)
FNF:1
FNH:1
FNDA:1,(anonymous_0)
DA:3,25
DA:4,1
LF:2
LH:2
BRF:0
BRH:0
end_of_record
TN:
SF:src/assets/calendar.tsx
FN:9,(anonymous_0)
FNF:1
FNH:1
FNDA:2,(anonymous_0)
DA:9,25
DA:10,2
LF:2
LH:2
BRDA:15,0,0,2
BRDA:15,0,1,1
BRDA:16,1,0,2
BRDA:16,1,1,1
BRDA:19,2,0,2
BRDA:19,2,1,1
BRF:6
BRH:6
end_of_record
TN:
SF:src/assets/close.tsx
FN:3,(anonymous_0)
FNF:1
FNH:1
FNDA:1,(anonymous_0)
DA:3,25
DA:4,1
LF:2
LH:2
BRF:0
BRH:0
end_of_record
TN:
SF:src/assets/index.ts
FNF:0
FNH:0
LF:0
LH:0
BRF:0
BRH:0
end_of_record
TN:
SF:src/assets/warning.tsx
FN:4,(anonymous_0)
FNF:1
FNH:1
FNDA:3,(anonymous_0)
DA:4,25
DA:5,3
LF:2
LH:2
BRF:0
BRH:0
end_of_record
TN:
SF:src/components/index.ts
FNF:0
FNH:0
LF:0
LH:0
BRF:0
BRH:0
end_of_record
TN:
SF:src/components/backdrop/index.tsx
FN:19,(anonymous_0)
FN:26,(anonymous_1)
FN:29,(anonymous_2)
FNF:3
FNH:3
FNDA:5,(anonymous_0)
FNDA:5,(anonymous_1)
FNDA:3,(anonymous_2)
DA:17,25
DA:19,5
DA:26,5
DA:29,25
DA:35,3
DA:36,2
DA:49,1
LF:7
LH:7
BRDA:19,0,0,2
BRDA:19,0,1,3
BRDA:26,1,0,5
BRDA:26,1,1,3
BRDA:35,2,0,2
BRDA:35,2,1,1
BRDA:35,3,0,3
BRDA:35,3,1,2
BRF:8
BRH:8
end_of_record
TN:
SF:src/components/boxes/index.ts
FN:22,(anonymous_0)
FN:40,(anonymous_1)
FN:42,(anonymous_2)
FN:43,(anonymous_3)
FN:44,(anonymous_4)
FN:45,(anonymous_5)
FN:46,(anonymous_6)
FN:47,(anonymous_7)
FN:49,(anonymous_8)
FN:53,(anonymous_9)
FN:61,(anonymous_10)
FNF:11
FNH:11
FNDA:1,(anonymous_0)
FNDA:11,(anonymous_1)
FNDA:11,(anonymous_2)
FNDA:11,(anonymous_3)
FNDA:11,(anonymous_4)
FNDA:11,(anonymous_5)
FNDA:11,(anonymous_6)
FNDA:11,(anonymous_7)
FNDA:11,(anonymous_8)
FNDA:1,(anonymous_9)
FNDA:1,(anonymous_10)
DA:20,25
DA:23,1
DA:28,25
DA:39,25
DA:40,11
DA:42,11
DA:43,11
DA:44,11
DA:45,11
DA:46,11
DA:47,11
DA:49,11
DA:52,25
DA:53,1
DA:60,25
DA:61,1
LF:16
LH:16
BRDA:23,0,0,0
BRDA:23,0,1,1
BRDA:40,1,0,11
BRDA:40,1,1,10
BRDA:42,2,0,11
BRDA:42,2,1,10
BRDA:43,3,0,11
BRDA:43,3,1,6
BRDA:43,3,2,6
BRDA:44,4,0,11
BRDA:44,4,1,11
BRDA:44,4,2,11
BRDA:45,5,0,11
BRDA:45,5,1,11
BRDA:45,5,2,11
BRDA:46,6,0,11
BRDA:46,6,1,11
BRDA:46,6,2,11
BRDA:49,7,0,11
BRDA:49,7,1,10
BRF:20
BRH:19
end_of_record
TN:
SF:src/components/buttons/index.ts
FN:16,(anonymous_0)
FN:19,(anonymous_1)
FN:23,(anonymous_2)
FN:24,(anonymous_3)
FN:25,(anonymous_4)
FN:26,(anonymous_5)
FN:34,(anonymous_6)
FNF:7
FNH:7
FNDA:10,(anonymous_0)
FNDA:10,(anonymous_1)
FNDA:10,(anonymous_2)
FNDA:10,(anonymous_3)
FNDA:10,(anonymous_4)
FNDA:10,(anonymous_5)
FNDA:10,(anonymous_6)
DA:10,25
DA:16,10
DA:19,10
DA:23,10
DA:24,10
DA:25,10
DA:26,10
DA:34,10
DA:38,25
LF:9
LH:9
BRDA:19,0,0,10
BRDA:19,0,1,3
BRDA:23,1,0,10
BRDA:23,1,1,10
BRDA:23,1,2,10
BRDA:24,2,0,10
BRDA:24,2,1,10
BRDA:24,2,2,10
BRDA:25,3,0,10
BRDA:25,3,1,10
BRDA:25,3,2,10
BRDA:26,4,0,10
BRDA:26,4,1,10
BRDA:26,4,2,10
BRF:14
BRH:14
end_of_record
TN:
SF:src/components/cancellation-display/index.tsx
FN:12,(anonymous_0)
FN:25,(anonymous_1)
FN:33,(anonymous_2)
FNF:3
FNH:3
FNDA:3,(anonymous_0)
FNDA:1,(anonymous_1)
FNDA:1,(anonymous_2)
DA:12,25
DA:16,3
DA:25,1
DA:33,1
LF:4
LH:4
BRF:0
BRH:0
end_of_record
TN:
SF:src/components/error/index.tsx
FN:11,(anonymous_0)
FN:21,(anonymous_1)
FNF:2
FNH:2
FNDA:2,(anonymous_0)
FNDA:3,(anonymous_1)
DA:11,25
DA:12,2
DA:22,3
LF:3
LH:3
BRDA:16,0,0,1
BRDA:16,0,1,1
BRF:2
BRH:2
end_of_record
TN:
SF:src/components/header/index.tsx
FN:14,(anonymous_0)
FNF:1
FNH:1
FNDA:1,(anonymous_0)
DA:14,25
DA:15,1
LF:2
LH:2
BRF:0
BRH:0
end_of_record
TN:
SF:src/components/header/styles.ts
FN:5,(anonymous_0)
FNF:1
FNH:1
FNDA:1,(anonymous_0)
DA:4,25
DA:5,1
DA:11,25
DA:18,25
LF:4
LH:4
BRF:0
BRH:0
end_of_record
TN:
SF:src/components/iconography/index.ts
FN:14,(anonymous_0)
FN:15,(anonymous_1)
FN:16,(anonymous_2)
FN:17,(anonymous_3)
FN:23,(anonymous_4)
FN:28,(anonymous_5)
FN:40,(anonymous_6)
FN:41,(anonymous_7)
FN:42,(anonymous_8)
FN:43,(anonymous_9)
FN:48,(anonymous_10)
FN:52,(anonymous_11)
FNF:12
FNH:12
FNDA:3,(anonymous_0)
FNDA:3,(anonymous_1)
FNDA:3,(anonymous_2)
FNDA:3,(anonymous_3)
FNDA:3,(anonymous_4)
FNDA:3,(anonymous_5)
FNDA:3,(anonymous_6)
FNDA:3,(anonymous_7)
FNDA:3,(anonymous_8)
FNDA:3,(anonymous_9)
FNDA:3,(anonymous_10)
FNDA:3,(anonymous_11)
DA:9,25
DA:14,3
DA:15,3
DA:16,3
DA:17,3
DA:23,3
DA:28,3
DA:33,25
DA:40,3
DA:41,3
DA:42,3
DA:43,3
DA:48,3
DA:52,3
LF:14
LH:14
BRDA:14,0,0,3
BRDA:14,0,1,3
BRDA:14,0,2,3
BRDA:15,1,0,3
BRDA:15,1,1,3
BRDA:15,1,2,3
BRDA:16,2,0,3
BRDA:16,2,1,3
BRDA:16,2,2,3
BRDA:17,3,0,3
BRDA:17,3,1,3
BRDA:17,3,2,3
BRDA:40,4,0,3
BRDA:40,4,1,3
BRDA:40,4,2,3
BRDA:41,5,0,3
BRDA:41,5,1,3
BRDA:41,5,2,3
BRDA:42,6,0,3
BRDA:42,6,1,3
BRDA:42,6,2,3
BRDA:43,7,0,3
BRDA:43,7,1,3
BRDA:43,7,2,3
BRF:24
BRH:24
end_of_record
TN:
SF:src/components/loader/index.tsx
FN:29,(anonymous_0)
FN:30,(anonymous_1)
FN:39,(anonymous_2)
FNF:3
FNH:3
FNDA:1,(anonymous_0)
FNDA:1,(anonymous_1)
FNDA:1,(anonymous_2)
DA:16,25
DA:26,25
DA:29,1
DA:30,1
DA:39,25
DA:40,1
LF:6
LH:6
BRF:0
BRH:0
end_of_record
TN:
SF:src/components/popover/index.tsx
FN:23,(anonymous_0)
FNF:1
FNH:1
FNDA:1,(anonymous_0)
DA:5,25
DA:23,25
DA:29,1
LF:3
LH:3
BRF:0
BRH:0
end_of_record
TN:
SF:src/components/typograhpy/index.ts
FN:9,(anonymous_0)
FN:17,(anonymous_1)
FN:36,(anonymous_2)
FN:37,(anonymous_3)
FNF:4
FNH:4
FNDA:3,(anonymous_0)
FNDA:5,(anonymous_1)
FNDA:6,(anonymous_2)
FNDA:6,(anonymous_3)
DA:8,25
DA:9,3
DA:16,25
DA:17,5
DA:22,25
DA:27,25
DA:35,25
DA:36,6
DA:37,6
DA:41,25
LF:10
LH:10
BRDA:36,0,0,6
BRDA:36,0,1,1
BRDA:37,1,0,6
BRDA:37,1,1,1
BRF:4
BRH:4
end_of_record
TN:
SF:src/utils/index.ts
FNF:0
FNH:0
LF:0
LH:0
BRF:0
BRH:0
end_of_record
TN:
SF:src/utils/constants/appointments.ts
FNF:0
FNH:0
DA:1,25
DA:6,25
DA:26,25
LF:3
LH:3
BRF:0
BRH:0
end_of_record
TN:
SF:src/utils/constants/index.ts
FNF:0
FNH:0
LF:0
LH:0
BRF:0
BRH:0
end_of_record
TN:
SF:src/utils/dates/format.ts
FN:1,formatTime
FN:6,(anonymous_1)
FN:11,(anonymous_2)
FN:15,(anonymous_3)
FNF:4
FNH:4
FNDA:1,formatTime
FNDA:1,(anonymous_1)
FNDA:5,(anonymous_2)
FNDA:33,(anonymous_3)
DA:2,1
DA:3,1
DA:6,25
DA:7,1
DA:8,1
DA:11,25
DA:12,5
DA:15,25
DA:16,33
LF:9
LH:9
BRF:0
BRH:0
end_of_record
TN:
SF:src/utils/dates/functions.ts
FN:4,(anonymous_0)
FN:11,(anonymous_1)
FNF:2
FNH:2
FNDA:2,(anonymous_0)
FNDA:10,(anonymous_1)
DA:4,25
DA:5,2
DA:11,25
DA:12,10
LF:4
LH:4
BRF:0
BRH:0
end_of_record
TN:
SF:src/utils/dates/index.ts
FNF:0
FNH:0
LF:0
LH:0
BRF:0
BRH:0
end_of_record
TN:
SF:src/utils/functions/index.ts
FN:3,(anonymous_0)
FN:6,(anonymous_1)
FNF:2
FNH:2
FNDA:3,(anonymous_0)
FNDA:6,(anonymous_1)
DA:3,25
DA:4,3
DA:5,2
DA:6,6
DA:10,1
LF:5
LH:5
BRDA:4,0,0,2
BRDA:4,0,1,1
BRDA:6,1,0,2
BRDA:6,1,1,1
BRF:4
BRH:4
end_of_record
TN:
SF:src/utils/styles/colors.ts
FNF:0
FNH:0
DA:3,25
DA:10,25
LF:2
LH:2
BRF:0
BRH:0
end_of_record
TN:
SF:src/utils/styles/functions.ts
FN:5,(anonymous_0)
FN:9,(anonymous_1)
FN:13,(anonymous_2)
FN:17,(anonymous_3)
FNF:4
FNH:4
FNDA:85,(anonymous_0)
FNDA:5,(anonymous_1)
FNDA:84,(anonymous_2)
FNDA:4,(anonymous_3)
DA:5,25
DA:6,85
DA:9,25
DA:10,5
DA:13,25
DA:14,84
DA:17,25
DA:21,4
DA:22,4
DA:24,4
LF:10
LH:10
BRDA:6,0,0,26
BRDA:6,0,1,59
BRDA:21,1,0,4
BRDA:21,1,1,1
BRDA:22,2,0,4
BRDA:22,2,1,1
BRF:6
BRH:6
end_of_record
TN:
SF:src/utils/styles/index.ts
FNF:0
FNH:0
LF:0
LH:0
BRF:0
BRH:0
end_of_record
TN:
SF:src/utils/styles/size.ts
FNF:0
FNH:0
DA:1,25
DA:2,25
LF:2
LH:2
BRF:0
BRH:0
end_of_record
TN:
SF:src/utils/styles/types.ts
FNF:0
FNH:0
LF:0
LH:0
BRF:0
BRH:0
end_of_record
TN:
SF:src/utils/types/application.ts
FNF:0
FNH:0
LF:0
LH:0
BRF:0
BRH:0
end_of_record
TN:
SF:src/utils/types/index.ts
FNF:0
FNH:0
LF:0
LH:0
BRF:0
BRH:0
end_of_record
